#
# A fatal error has been detected by the Java Runtime Environment:
#
#  SIGBUS (0xa) at pc=0x000000010cb814f0, pid=3535, tid=29455
#
# JRE version: OpenJDK Runtime Environment Zulu17.28+13-CA (17.0+35) (build 17+35-LTS)
# Java VM: OpenJDK 64-Bit Server VM Zulu17.28+13-CA (17+35-LTS, mixed mode, sharing, tiered, compressed oops, compressed class ptrs, g1 gc, bsd-aarch64)
# Problematic frame:
# v  ~StubRoutines::SafeFetchN
#
# No core dump will be written. Core dumps have been disabled. To enable core dumping, try "ulimit -c unlimited" before starting Java again
#
# If you would like to submit a bug report, please visit:
#   http://www.azul.com/support/
# The crash happened outside the Java Virtual Machine in native code.
# See problematic frame for where to report the bug.
#

---------------  S U M M A R Y ------------

Command Line: -javaagent:/Applications/IntelliJ IDEA CE.app/Contents/lib/idea_rt.jar=49381:/Applications/IntelliJ IDEA CE.app/Contents/bin -Dfile.encoding=UTF-8 --module-path=/Users/pranavkalapala/.m2/repository/org/openjfx/javafx-base/17.0.0.1/javafx-base-17.0.0.1-mac-aarch64.jar:/Users/pranavkalapala/.m2/repository/org/openjfx/javafx-graphics/17.0.0.1/javafx-graphics-17.0.0.1-mac-aarch64.jar:/Users/pranavkalapala/.m2/repository/org/openjfx/javafx-fxml/17.0.0.1/javafx-fxml-17.0.0.1-mac-aarch64.jar:/Users/pranavkalapala/.m2/repository/org/openjfx/javafx-controls/17.0.0.1/javafx-controls-17.0.0.1-mac-aarch64.jar:/Users/pranavkalapala/IdeaProjects/CS213-p3/target/classes -Djdk.module.main=com.studentroster.cs213p3 com.studentroster.cs213p3/com.studentroster.Main

Host: "MacBookAir10,1" arm64 1 MHz, 8 cores, 8G, Darwin 21.1.0, macOS 12.0.1 (21A559)
Time: Sun Oct 31 03:43:52 2021 EDT elapsed time: 4.029725 seconds (0d 0h 0m 4s)

---------------  T H R E A D  ---------------

Current thread (0x000000013a876800):  JavaThread "InvokeLaterDispatcher" daemon [_thread_in_native, id=29455, stack(0x000000016fa14000,0x000000016fc17000)]

Stack: [0x000000016fa14000,0x000000016fc17000],  sp=0x000000016fc16780,  free space=2057k
Native frames: (J=compiled Java code, j=interpreted, Vv=VM code, C=native code)
v  ~StubRoutines::SafeFetchN
V  [libjvm.dylib+0x7b48fc]  _ZN10OopStorage7releaseEPKP7oopDesc+0x20
V  [libjvm.dylib+0x4c50b0]  jni_DeleteGlobalRef+0xd8
C  [libglass.dylib+0xab08]  -[GlassRunnable dealloc]+0x34
C  [Foundation+0x85e0c]  -[_NSThreadPerformInfo dealloc]+0x30
C  [Foundation+0x525e8]  -[NSObject(NSThreadPerformAdditions) performSelectorOnMainThread:withObject:waitUntilDone:]+0x88
C  0x614c00010cb898ac
j  com.sun.glass.ui.mac.MacApplication.submitForLaterInvocation(Ljava/lang/Runnable;)V+2 javafx.graphics
j  com.sun.glass.ui.InvokeLaterDispatcher.run()V+82 javafx.graphics
v  ~StubRoutines::call_stub
V  [libjvm.dylib+0x46a170]  _ZN9JavaCalls11call_helperEP9JavaValueRK12methodHandleP17JavaCallArgumentsP10JavaThread+0x38c
V  [libjvm.dylib+0x46918c]  _ZN9JavaCalls12call_virtualEP9JavaValueP5KlassP6SymbolS5_P17JavaCallArgumentsP10JavaThread+0x11c
V  [libjvm.dylib+0x469258]  _ZN9JavaCalls12call_virtualEP9JavaValue6HandleP5KlassP6SymbolS6_P10JavaThread+0x64
V  [libjvm.dylib+0x521830]  _ZL12thread_entryP10JavaThreadS0_+0xc4
V  [libjvm.dylib+0x9935c0]  _ZN10JavaThread17thread_main_innerEv+0x13c
V  [libjvm.dylib+0x991c9c]  _ZN6Thread8call_runEv+0x128
V  [libjvm.dylib+0x7bb730]  _ZL19thread_native_entryP6Thread+0x158
C  [libsystem_pthread.dylib+0x74ec]  _pthread_start+0x94

Java frames: (J=compiled Java code, j=interpreted, Vv=VM code)
j  com.sun.glass.ui.mac.MacApplication._submitForLaterInvocation(Ljava/lang/Runnable;)V+0 javafx.graphics
j  com.sun.glass.ui.mac.MacApplication.submitForLaterInvocation(Ljava/lang/Runnable;)V+2 javafx.graphics
j  com.sun.glass.ui.InvokeLaterDispatcher.run()V+82 javafx.graphics
v  ~StubRoutines::call_stub

siginfo: si_signo: 10 (SIGBUS), si_code: 1 (BUS_ADRALN), si_addr: 0x000000010cb814f0

Register to memory mapping:

 x0=0x000000014c0090c8 points into unknown readable memory: 0x0000000000000000 | 00 00 00 00 00 00 00 00
 x1=0x0 is NULL
 x2=0x0000000787fbedf0 is an oop: com.sun.glass.ui.InvokeLaterDispatcher$Future 
{0x0000000787fbedf0} - klass: 'com/sun/glass/ui/InvokeLaterDispatcher$Future'
 - ---- fields (total size 3 words):
 - private 'done' 'Z' @12  true
 - private final 'runnable' 'Ljava/lang/Runnable;' @16  a 'com/sun/javafx/application/PlatformImpl$$Lambda$92+0x0000000800c85d50'{0x0000000787a8ba90} (f0f51752)
 - final synthetic 'this$0' 'Lcom/sun/glass/ui/InvokeLaterDispatcher;' @20  a 'com/sun/glass/ui/InvokeLaterDispatcher'{0x000000078531cd28} (f0a639a5)
 x3=0x0 is NULL
 x4=0x00000000000130a8 is an unknown value
 x5=0x0 is NULL
 x6=0x0 is NULL
 x7=0x0 is NULL
 x8=0x000000010cb814ec is at begin+0 in a stub
StubRoutines::SafeFetchN [0x000000010cb814ec, 0x000000010cb814f8] (12 bytes)
 x9=0x0 is NULL
x10=0x2010000030300000 is an unknown value
x11=0x0000000000000007 is an unknown value
x12=0x0 is NULL
x13=0x00006000024cc270 points into unknown readable memory: 0x206e6977206e776f | 6f 77 6e 20 77 69 6e 20
x14=0x0000000000000001 is an unknown value
x15=0x0000000124539f98: OBJC_CLASS_$_GlassRunnable+0 in /Users/pranavkalapala/.openjfx/cache/17.0.0.1/libglass.dylib at 0x00000001244f4000
x16=0x00000001c4420340: pthread_getspecific+0 in /usr/lib/system/libsystem_pthread.dylib at 0x00000001c441e000
x17=0x0000600002edc240 points into unknown readable memory: 0xfffffffffffffffe | fe ff ff ff ff ff ff ff
x18=0x0 is NULL
x19=0x00006000021d00e0 points into unknown readable memory: 0x00006000008cc380 | 80 c3 8c 00 00 60 00 00
x20=0x000000014c008ec0 points into unknown readable memory: 0x9a936585cc457f09 | 09 7f 45 cc 85 65 93 9a
x21=0x000000014c0090c8 points into unknown readable memory: 0x0000000000000000 | 00 00 00 00 00 00 00 00
x22=0x000000013a876800 is a thread
x23=0x0000000000000001 is an unknown value
x24=0x000000014c009080 is a global jni handle
x25=0x0000000104d7fa08: _ZN12StubRoutines17_safefetchN_entryE+0 in /Users/pranavkalapala/Library/Java/JavaVirtualMachines/azul-17/Contents/Home/lib/server/libjvm.dylib at 0x000000010412c000
x26=0x0000000122118268 is pointing into metadata
x27=0x0 is NULL
x28=0x000000013a876800 is a thread


Registers:
 x0=0x000000014c0090c8  x1=0x0000000000000000  x2=0x0000000787fbedf0  x3=0x0000000000000000
 x4=0x00000000000130a8  x5=0x0000000000000000  x6=0x0000000000000000  x7=0x0000000000000000
 x8=0x000000010cb814ec  x9=0x0000000000000000 x10=0x2010000030300000 x11=0x0000000000000007
x12=0x0000000000000000 x13=0x00006000024cc270 x14=0x0000000000000001 x15=0x0000000124539f98
x16=0x00000001c4420340 x17=0x0000600002edc240 x18=0x0000000000000000 x19=0x00006000021d00e0
x20=0x000000014c008ec0 x21=0x000000014c0090c8 x22=0x000000013a876800 x23=0x0000000000000001
x24=0x000000014c009080 x25=0x0000000104d7fa08 x26=0x0000000122118268 x27=0x0000000000000000
x28=0x000000013a876800  fp=0x000000016fc167c0  lr=0x00000001048df6cc  sp=0x000000016fc16780
pc=0x000000010cb814f0 cpsr=0x0000000060001000
Top of Stack: (sp=0x000000016fc16780)
0x000000016fc16780:   0000000122118268 0000000000000001
0x000000016fc16790:   000000016fc16988 0000000000000000
0x000000016fc167a0:   000000014caed6a8 000000014c0090b0
0x000000016fc167b0:   000000014c0090b0 00006000021d00e0
0x000000016fc167c0:   000000016fc16800 00000001048e08fc
0x000000016fc167d0:   0000000000000001 000000014c0090b0
0x000000016fc167e0:   000000014caed6a8 000000014c0090b0
0x000000016fc167f0:   0000000000000001 000000014caed400
0x000000016fc16800:   000000016fc16840 00000001045f10b0
0x000000016fc16810:   000000016fc16988 00006000008f8410
0x000000016fc16820:   00006000008f83d0 000000020e64d9f4
0x000000016fc16830:   0000000000000000 00006000008f83d0
0x000000016fc16840:   000000016fc16870 00000001244feb08
0x000000016fc16850:   b9bf6da3c2bc00a7 0000000000000000
0x000000016fc16860:   0000000000000000 0000600001ffe600
0x000000016fc16870:   000000016fc168b0 00000001c53e8e0c
0x000000016fc16880:   000000016fc16988 00006000008f8410
0x000000016fc16890:   00006000008f83d0 b9bf6da3c2bc00a7
0x000000016fc168a0:   0000000000000000 0000000000000000
0x000000016fc168b0:   000000016fc168f0 17050001c53b55e8
0x000000016fc168c0:   000000016fc16988 000000010cb887c0
0x000000016fc168d0:   0000000000000000 0000000104d873c0
0x000000016fc168e0:   000000016fc16900 000000010cb87730
0x000000016fc168f0:   000000016fc16960 614c00010cb898ac
0x000000016fc16900:   0000000000000000 000000078505a888
0x000000016fc16910:   000000016fc16910 0000000000000000
0x000000016fc16920:   000000016fc16988 0000000122118268
0x000000016fc16930:   000000078530ec18 0000000000000000
0x000000016fc16940:   0000000000000000 00000001220f7138
0x000000016fc16950:   0000000000000000 000000016fc16960
0x000000016fc16960:   000000016fc169e0 000000010cb85fc8
0x000000016fc16970:   0000000000000000 0000000000000000 

Instructions: (pc=0x000000010cb814f0)
0x000000010cb813f0:   f2a09a89 f2c00029 6d425935 1e640886
0x000000010cb81400:   0c402d31 1e6408c7 1f5654d0 1e6c1017
0x000000010cb81410:   1f5050d0 1f504cd0 1f5048d0 1e650af6
0x000000010cb81420:   1f50d8f6 1f5694d6 1f5158f6 1e762880
0x000000010cb81430:   36000501 1e614000 14000026 2e251ca5
0x000000010cb81440:   d2983009 f2a09a89 f2c00029 6d425d36
0x000000010cb81450:   1e600806 0c402d32 1f5758c7 1e6c101a
0x000000010cb81460:   1f4754c7 1e650805 1f4750c7 d2866668
0x000000010cb81470:   f2a7fa68 1f474cc7 1e6608c0 1f4748c7
0x000000010cb81480:   1e6e1019 eb08007f 540000ac 1f479400
0x000000010cb81490:   1f460340 1e603b20 1400000e d2a7fd29
0x000000010cb814a0:   eb09007f 540000ac 51480069 d3607d29
0x000000010cb814b0:   9e670121 14000002 1e6a5001 1f679417
0x000000010cb814c0:   1f668742 1e613b23 1e773857 1e773860
0x000000010cb814d0:   a8c17ff3 910003bf a8c17bfd d65f03c0
0x000000010cb814e0:   b9400001 aa0103e0 d65f03c0 f9400001
0x000000010cb814f0:   aa0103e0 d65f03c0 00000000 00000000
0x000000010cb81500:   00000000 00000000 00000000 00000000
0x000000010cb81510:   00000000 00000000 00000000 00000000
0x000000010cb81520:   00000000 00000000 00000000 00000000
0x000000010cb81530:   00000000 00000000 00000000 00000000
0x000000010cb81540:   00000000 00000000 00000000 00000000
0x000000010cb81550:   00000000 00000000 00000000 00000000
0x000000010cb81560:   00000000 00000000 00000000 00000000
0x000000010cb81570:   00000000 00000000 00000000 00000000
0x000000010cb81580:   00000000 00000000 00000000 00000000
0x000000010cb81590:   00000000 00000000 00000000 00000000
0x000000010cb815a0:   00000000 00000000 00000000 00000000
0x000000010cb815b0:   00000000 00000000 00000000 00000000
0x000000010cb815c0:   00000000 00000000 00000000 00000000
0x000000010cb815d0:   00000000 00000000 00000000 00000000
0x000000010cb815e0:   00000000 00000000 00000000 00000000 


Stack slot to memory mapping:
stack at sp + 0 slots: 0x0000000122118268 is pointing into metadata
stack at sp + 1 slots: 0x0000000000000001 is an unknown value
stack at sp + 2 slots: 0x000000016fc16988 is pointing into the stack for thread: 0x000000013a876800
stack at sp + 3 slots: 0x0 is NULL
stack at sp + 4 slots: 0x000000014caed6a8 points into unknown readable memory: 0x0000000104d3a878 | 78 a8 d3 04 01 00 00 00
stack at sp + 5 slots: 0x000000014c0090b0 is a global jni handle
stack at sp + 6 slots: 0x000000014c0090b0 is a global jni handle
stack at sp + 7 slots: 0x00006000021d00e0 points into unknown readable memory: 0x00006000008cc380 | 80 c3 8c 00 00 60 00 00

StubRoutines::SafeFetchN [0x000000010cb814ec, 0x000000010cb814f8] (12 bytes)
[MachCode]
  0x000000010cb814ec: 0100 40f9 | e003 01aa | c003 5fd6 
[/MachCode]

---------------  P R O C E S S  ---------------

Threads class SMR info:
_java_thread_list=0x0000600000a356e0, length=20, elements={
0x000000014c80dc00, 0x000000014b858400, 0x000000014b85ac00, 0x000000014c864600,
0x000000014c863e00, 0x000000014c864c00, 0x000000014c865200, 0x000000014a80d000,
0x0000000125010200, 0x000000014b859a00, 0x000000014c868200, 0x000000014b00ae00,
0x000000014b8bca00, 0x000000013a876800, 0x000000014caed400, 0x000000014a8d7400,
0x000000014a8dc800, 0x000000014b96a000, 0x000000013a86f400, 0x000000014cd47800
}

Java Threads: ( => current thread )
  0x000000014c80dc00 JavaThread "main" [_thread_blocked, id=5891, stack(0x000000016cf80000,0x000000016d183000)]
  0x000000014b858400 JavaThread "Reference Handler" daemon [_thread_blocked, id=17411, stack(0x000000016ddd4000,0x000000016dfd7000)]
  0x000000014b85ac00 JavaThread "Finalizer" daemon [_thread_blocked, id=16899, stack(0x000000016dfe0000,0x000000016e1e3000)]
  0x000000014c864600 JavaThread "Signal Dispatcher" daemon [_thread_blocked, id=41731, stack(0x000000016e390000,0x000000016e593000)]
  0x000000014c863e00 JavaThread "Service Thread" daemon [_thread_blocked, id=41219, stack(0x000000016e59c000,0x000000016e79f000)]
  0x000000014c864c00 JavaThread "Monitor Deflation Thread" daemon [_thread_blocked, id=22531, stack(0x000000016e7a8000,0x000000016e9ab000)]
  0x000000014c865200 JavaThread "C2 CompilerThread0" daemon [_thread_blocked, id=23043, stack(0x000000016e9b4000,0x000000016ebb7000)]
  0x000000014a80d000 JavaThread "C1 CompilerThread0" daemon [_thread_blocked, id=23299, stack(0x000000016ebc0000,0x000000016edc3000)]
  0x0000000125010200 JavaThread "Sweeper thread" daemon [_thread_blocked, id=23555, stack(0x000000016edcc000,0x000000016efcf000)]
  0x000000014b859a00 JavaThread "Common-Cleaner" daemon [_thread_blocked, id=23811, stack(0x000000016efd8000,0x000000016f1db000)]
  0x000000014c868200 JavaThread "Monitor Ctrl-Break" daemon [_thread_in_native, id=40195, stack(0x000000016f1e4000,0x000000016f3e7000)]
  0x000000014b00ae00 JavaThread "Notification Thread" daemon [_thread_blocked, id=24323, stack(0x000000016f3f0000,0x000000016f5f3000)]
  0x000000014b8bca00 JavaThread "QuantumRenderer-0" daemon [_thread_blocked, id=25091, stack(0x000000016f808000,0x000000016fa0b000)]
=>0x000000013a876800 JavaThread "InvokeLaterDispatcher" daemon [_thread_in_native, id=29455, stack(0x000000016fa14000,0x000000016fc17000)]
  0x000000014caed400 JavaThread "JavaFX Application Thread" [_thread_in_vm, id=259, stack(0x000000016c6f8000,0x000000016cef4000)]
  0x000000014a8d7400 JavaThread "JavaFX-Launcher" [_thread_blocked, id=56579, stack(0x000000016fdc4000,0x000000016ffc7000)]
  0x000000014a8dc800 JavaThread "PulseTimer-CVDisplayLink thread" daemon [_thread_blocked, id=78339, stack(0x000000016fc20000,0x000000016fca3000)]
  0x000000014b96a000 JavaThread "Prism Font Disposer" daemon [_thread_blocked, id=59455, stack(0x0000000178a40000,0x0000000178c43000)]
  0x000000013a86f400 JavaThread "Cleaner-0" daemon [_thread_blocked, id=58119, stack(0x0000000178cd8000,0x0000000178edb000)]
  0x000000014cd47800 JavaThread "Attach Listener" daemon [_thread_blocked, id=1315, stack(0x0000000178ee4000,0x00000001790e7000)]

Other Threads:
  0x000000014a605880 VMThread "VM Thread" [stack: 0x000000016dbc8000,0x000000016ddcb000] [id=15619] _threads_hazard_ptr=0x0000600000a356e0
  0x000000014c10f640 WatcherThread [stack: 0x000000016f5fc000,0x000000016f7ff000] [id=24835]
  0x000000014c1074d0 GCTaskThread "GC Thread#0" [stack: 0x000000016d18c000,0x000000016d38f000] [id=20483]
  0x000000014a706fa0 GCTaskThread "GC Thread#1" [stack: 0x0000000178004000,0x0000000178207000] [id=56835]
  0x000000013a62e5f0 GCTaskThread "GC Thread#2" [stack: 0x0000000178210000,0x0000000178413000] [id=76291]
  0x000000014a707420 GCTaskThread "GC Thread#3" [stack: 0x000000017841c000,0x000000017861f000] [id=75779]
  0x000000014a7078a0 GCTaskThread "GC Thread#4" [stack: 0x0000000178628000,0x000000017882b000] [id=57347]
  0x000000014a707d20 GCTaskThread "GC Thread#5" [stack: 0x0000000178834000,0x0000000178a37000] [id=75523]
  0x000000014c05bab0 GCTaskThread "GC Thread#6" [stack: 0x00000001790f0000,0x00000001792f3000] [id=64299]
  0x000000014c05bf30 GCTaskThread "GC Thread#7" [stack: 0x00000001792fc000,0x00000001794ff000] [id=64515]
  0x000000014c107b80 ConcurrentGCThread "G1 Main Marker" [stack: 0x000000016d398000,0x000000016d59b000] [id=19971]
  0x000000014c108400 ConcurrentGCThread "G1 Conc#0" [stack: 0x000000016d5a4000,0x000000016d7a7000] [id=13571]
  0x000000014c004650 ConcurrentGCThread "G1 Refine#0" [stack: 0x000000016d7b0000,0x000000016d9b3000] [id=14083]
  0x000000014c05c3d0 ConcurrentGCThread "G1 Refine#1" [stack: 0x0000000179508000,0x000000017970b000] [id=67075]
  0x000000014a64f1e0 ConcurrentGCThread "G1 Refine#2" [stack: 0x0000000179714000,0x0000000179917000] [id=66307]
  0x000000014a708af0 ConcurrentGCThread "G1 Refine#3" [stack: 0x0000000179920000,0x0000000179b23000] [id=65539]
  0x000000013a604520 ConcurrentGCThread "G1 Service" [stack: 0x000000016d9bc000,0x000000016dbbf000] [id=18947]

Threads with active compile tasks:
C2 CompilerThread0     4047 2980       4       com.sun.javafx.geom.RectBounds::deriveWithNewBounds (96 bytes)
C1 CompilerThread0     4047 2979       3       javafx.scene.layout.Region::resize (43 bytes)

VM state: synchronizing (normal execution)

VM Mutex/Monitor currently owned by a thread:  ([mutex/lock_event])
[0x0000600001fd57c0] Threads_lock - owner thread: 0x000000014a605880

Heap address: 0x0000000780000000, size: 2048 MB, Compressed Oops mode: Zero based, Oop shift amount: 3

CDS archive(s) mapped at: [0x0000000800000000-0x0000000800bd0000-0x0000000800bd0000), size 12386304, SharedBaseAddress: 0x0000000800000000, ArchiveRelocationMode: 0.
Compressed class space mapped at: 0x0000000800c00000-0x0000000840c00000, reserved size: 1073741824
Narrow klass base: 0x0000000800000000, Narrow klass shift: 0, Narrow klass range: 0x100000000

GC Precious Log:
 CPUs: 8 total, 8 available
 Memory: 8192M
 Large Page Support: Disabled
 NUMA Support: Disabled
 Compressed Oops: Enabled (Zero based)
 Heap Region Size: 1M
 Heap Min Capacity: 8M
 Heap Initial Capacity: 128M
 Heap Max Capacity: 2G
 Pre-touch: Disabled
 Parallel Workers: 8
 Concurrent Workers: 2
 Concurrent Refinement Workers: 8
 Periodic GC: Disabled

Heap:
 garbage-first heap   total 133120K, used 16645K [0x0000000780000000, 0x0000000800000000)
  region size 1024K, 12 young (12288K), 6 survivors (6144K)
 Metaspace       used 17479K, committed 17728K, reserved 1064960K
  class space    used 2681K, committed 2816K, reserved 1048576K

Heap Regions: E=young(eden), S=young(survivor), O=old, HS=humongous(starts), HC=humongous(continues), CS=collection set, F=free, OA=open archive, CA=closed archive, TAMS=top-at-mark-start (previous, next)
|   0|0x0000000780000000, 0x0000000780000000, 0x0000000780100000|  0%| F|  |TAMS 0x0000000780000000, 0x0000000780000000| Untracked 
|   1|0x0000000780100000, 0x0000000780100000, 0x0000000780200000|  0%| F|  |TAMS 0x0000000780100000, 0x0000000780100000| Untracked 
|   2|0x0000000780200000, 0x0000000780300000, 0x0000000780300000|100%|HS|  |TAMS 0x0000000780200000, 0x0000000780200000| Complete 
|   3|0x0000000780300000, 0x0000000780400000, 0x0000000780400000|100%|HC|  |TAMS 0x0000000780300000, 0x0000000780300000| Complete 
|   4|0x0000000780400000, 0x0000000780500000, 0x0000000780500000|100%| O|  |TAMS 0x0000000780400000, 0x0000000780400000| Untracked 
|   5|0x0000000780500000, 0x0000000780600000, 0x0000000780600000|100%| O|  |TAMS 0x0000000780500000, 0x0000000780500000| Untracked 
|   6|0x0000000780600000, 0x0000000780649600, 0x0000000780700000| 28%| O|  |TAMS 0x0000000780600000, 0x0000000780600000| Untracked 
|   7|0x0000000780700000, 0x0000000780700000, 0x0000000780800000|  0%| F|  |TAMS 0x0000000780700000, 0x0000000780700000| Untracked 
|   8|0x0000000780800000, 0x0000000780800000, 0x0000000780900000|  0%| F|  |TAMS 0x0000000780800000, 0x0000000780800000| Untracked 
|   9|0x0000000780900000, 0x0000000780900000, 0x0000000780a00000|  0%| F|  |TAMS 0x0000000780900000, 0x0000000780900000| Untracked 
|  10|0x0000000780a00000, 0x0000000780a00000, 0x0000000780b00000|  0%| F|  |TAMS 0x0000000780a00000, 0x0000000780a00000| Untracked 
|  11|0x0000000780b00000, 0x0000000780b00000, 0x0000000780c00000|  0%| F|  |TAMS 0x0000000780b00000, 0x0000000780b00000| Untracked 
|  12|0x0000000780c00000, 0x0000000780c00000, 0x0000000780d00000|  0%| F|  |TAMS 0x0000000780c00000, 0x0000000780c00000| Untracked 
|  13|0x0000000780d00000, 0x0000000780d00000, 0x0000000780e00000|  0%| F|  |TAMS 0x0000000780d00000, 0x0000000780d00000| Untracked 
|  14|0x0000000780e00000, 0x0000000780e00000, 0x0000000780f00000|  0%| F|  |TAMS 0x0000000780e00000, 0x0000000780e00000| Untracked 
|  15|0x0000000780f00000, 0x0000000780f00000, 0x0000000781000000|  0%| F|  |TAMS 0x0000000780f00000, 0x0000000780f00000| Untracked 
|  16|0x0000000781000000, 0x0000000781000000, 0x0000000781100000|  0%| F|  |TAMS 0x0000000781000000, 0x0000000781000000| Untracked 
|  17|0x0000000781100000, 0x0000000781100000, 0x0000000781200000|  0%| F|  |TAMS 0x0000000781100000, 0x0000000781100000| Untracked 
|  18|0x0000000781200000, 0x0000000781200000, 0x0000000781300000|  0%| F|  |TAMS 0x0000000781200000, 0x0000000781200000| Untracked 
|  19|0x0000000781300000, 0x0000000781300000, 0x0000000781400000|  0%| F|  |TAMS 0x0000000781300000, 0x0000000781300000| Untracked 
|  20|0x0000000781400000, 0x0000000781400000, 0x0000000781500000|  0%| F|  |TAMS 0x0000000781400000, 0x0000000781400000| Untracked 
|  21|0x0000000781500000, 0x0000000781500000, 0x0000000781600000|  0%| F|  |TAMS 0x0000000781500000, 0x0000000781500000| Untracked 
|  22|0x0000000781600000, 0x0000000781600000, 0x0000000781700000|  0%| F|  |TAMS 0x0000000781600000, 0x0000000781600000| Untracked 
|  23|0x0000000781700000, 0x0000000781700000, 0x0000000781800000|  0%| F|  |TAMS 0x0000000781700000, 0x0000000781700000| Untracked 
|  24|0x0000000781800000, 0x0000000781800000, 0x0000000781900000|  0%| F|  |TAMS 0x0000000781800000, 0x0000000781800000| Untracked 
|  25|0x0000000781900000, 0x0000000781900000, 0x0000000781a00000|  0%| F|  |TAMS 0x0000000781900000, 0x0000000781900000| Untracked 
|  26|0x0000000781a00000, 0x0000000781a00000, 0x0000000781b00000|  0%| F|  |TAMS 0x0000000781a00000, 0x0000000781a00000| Untracked 
|  27|0x0000000781b00000, 0x0000000781b00000, 0x0000000781c00000|  0%| F|  |TAMS 0x0000000781b00000, 0x0000000781b00000| Untracked 
|  28|0x0000000781c00000, 0x0000000781c00000, 0x0000000781d00000|  0%| F|  |TAMS 0x0000000781c00000, 0x0000000781c00000| Untracked 
|  29|0x0000000781d00000, 0x0000000781d00000, 0x0000000781e00000|  0%| F|  |TAMS 0x0000000781d00000, 0x0000000781d00000| Untracked 
|  30|0x0000000781e00000, 0x0000000781e00000, 0x0000000781f00000|  0%| F|  |TAMS 0x0000000781e00000, 0x0000000781e00000| Untracked 
|  31|0x0000000781f00000, 0x0000000781f00000, 0x0000000782000000|  0%| F|  |TAMS 0x0000000781f00000, 0x0000000781f00000| Untracked 
|  32|0x0000000782000000, 0x0000000782000000, 0x0000000782100000|  0%| F|  |TAMS 0x0000000782000000, 0x0000000782000000| Untracked 
|  33|0x0000000782100000, 0x0000000782100000, 0x0000000782200000|  0%| F|  |TAMS 0x0000000782100000, 0x0000000782100000| Untracked 
|  34|0x0000000782200000, 0x0000000782200000, 0x0000000782300000|  0%| F|  |TAMS 0x0000000782200000, 0x0000000782200000| Untracked 
|  35|0x0000000782300000, 0x0000000782300000, 0x0000000782400000|  0%| F|  |TAMS 0x0000000782300000, 0x0000000782300000| Untracked 
|  36|0x0000000782400000, 0x0000000782400000, 0x0000000782500000|  0%| F|  |TAMS 0x0000000782400000, 0x0000000782400000| Untracked 
|  37|0x0000000782500000, 0x0000000782500000, 0x0000000782600000|  0%| F|  |TAMS 0x0000000782500000, 0x0000000782500000| Untracked 
|  38|0x0000000782600000, 0x0000000782600000, 0x0000000782700000|  0%| F|  |TAMS 0x0000000782600000, 0x0000000782600000| Untracked 
|  39|0x0000000782700000, 0x0000000782700000, 0x0000000782800000|  0%| F|  |TAMS 0x0000000782700000, 0x0000000782700000| Untracked 
|  40|0x0000000782800000, 0x0000000782800000, 0x0000000782900000|  0%| F|  |TAMS 0x0000000782800000, 0x0000000782800000| Untracked 
|  41|0x0000000782900000, 0x0000000782900000, 0x0000000782a00000|  0%| F|  |TAMS 0x0000000782900000, 0x0000000782900000| Untracked 
|  42|0x0000000782a00000, 0x0000000782a00000, 0x0000000782b00000|  0%| F|  |TAMS 0x0000000782a00000, 0x0000000782a00000| Untracked 
|  43|0x0000000782b00000, 0x0000000782b00000, 0x0000000782c00000|  0%| F|  |TAMS 0x0000000782b00000, 0x0000000782b00000| Untracked 
|  44|0x0000000782c00000, 0x0000000782c00000, 0x0000000782d00000|  0%| F|  |TAMS 0x0000000782c00000, 0x0000000782c00000| Untracked 
|  45|0x0000000782d00000, 0x0000000782d00000, 0x0000000782e00000|  0%| F|  |TAMS 0x0000000782d00000, 0x0000000782d00000| Untracked 
|  46|0x0000000782e00000, 0x0000000782e00000, 0x0000000782f00000|  0%| F|  |TAMS 0x0000000782e00000, 0x0000000782e00000| Untracked 
|  47|0x0000000782f00000, 0x0000000782f00000, 0x0000000783000000|  0%| F|  |TAMS 0x0000000782f00000, 0x0000000782f00000| Untracked 
|  48|0x0000000783000000, 0x0000000783000000, 0x0000000783100000|  0%| F|  |TAMS 0x0000000783000000, 0x0000000783000000| Untracked 
|  49|0x0000000783100000, 0x0000000783100000, 0x0000000783200000|  0%| F|  |TAMS 0x0000000783100000, 0x0000000783100000| Untracked 
|  50|0x0000000783200000, 0x0000000783200000, 0x0000000783300000|  0%| F|  |TAMS 0x0000000783200000, 0x0000000783200000| Untracked 
|  51|0x0000000783300000, 0x0000000783300000, 0x0000000783400000|  0%| F|  |TAMS 0x0000000783300000, 0x0000000783300000| Untracked 
|  52|0x0000000783400000, 0x0000000783400000, 0x0000000783500000|  0%| F|  |TAMS 0x0000000783400000, 0x0000000783400000| Untracked 
|  53|0x0000000783500000, 0x0000000783500000, 0x0000000783600000|  0%| F|  |TAMS 0x0000000783500000, 0x0000000783500000| Untracked 
|  54|0x0000000783600000, 0x0000000783600000, 0x0000000783700000|  0%| F|  |TAMS 0x0000000783600000, 0x0000000783600000| Untracked 
|  55|0x0000000783700000, 0x0000000783700000, 0x0000000783800000|  0%| F|  |TAMS 0x0000000783700000, 0x0000000783700000| Untracked 
|  56|0x0000000783800000, 0x0000000783800000, 0x0000000783900000|  0%| F|  |TAMS 0x0000000783800000, 0x0000000783800000| Untracked 
|  57|0x0000000783900000, 0x0000000783900000, 0x0000000783a00000|  0%| F|  |TAMS 0x0000000783900000, 0x0000000783900000| Untracked 
|  58|0x0000000783a00000, 0x0000000783a00000, 0x0000000783b00000|  0%| F|  |TAMS 0x0000000783a00000, 0x0000000783a00000| Untracked 
|  59|0x0000000783b00000, 0x0000000783b00000, 0x0000000783c00000|  0%| F|  |TAMS 0x0000000783b00000, 0x0000000783b00000| Untracked 
|  60|0x0000000783c00000, 0x0000000783c00000, 0x0000000783d00000|  0%| F|  |TAMS 0x0000000783c00000, 0x0000000783c00000| Untracked 
|  61|0x0000000783d00000, 0x0000000783d00000, 0x0000000783e00000|  0%| F|  |TAMS 0x0000000783d00000, 0x0000000783d00000| Untracked 
|  62|0x0000000783e00000, 0x0000000783e00000, 0x0000000783f00000|  0%| F|  |TAMS 0x0000000783e00000, 0x0000000783e00000| Untracked 
|  63|0x0000000783f00000, 0x0000000783f00000, 0x0000000784000000|  0%| F|  |TAMS 0x0000000783f00000, 0x0000000783f00000| Untracked 
|  64|0x0000000784000000, 0x0000000784000000, 0x0000000784100000|  0%| F|  |TAMS 0x0000000784000000, 0x0000000784000000| Untracked 
|  65|0x0000000784100000, 0x0000000784100000, 0x0000000784200000|  0%| F|  |TAMS 0x0000000784100000, 0x0000000784100000| Untracked 
|  66|0x0000000784200000, 0x0000000784200000, 0x0000000784300000|  0%| F|  |TAMS 0x0000000784200000, 0x0000000784200000| Untracked 
|  67|0x0000000784300000, 0x0000000784300000, 0x0000000784400000|  0%| F|  |TAMS 0x0000000784300000, 0x0000000784300000| Untracked 
|  68|0x0000000784400000, 0x0000000784400000, 0x0000000784500000|  0%| F|  |TAMS 0x0000000784400000, 0x0000000784400000| Untracked 
|  69|0x0000000784500000, 0x0000000784500000, 0x0000000784600000|  0%| F|  |TAMS 0x0000000784500000, 0x0000000784500000| Untracked 
|  70|0x0000000784600000, 0x0000000784600000, 0x0000000784700000|  0%| F|  |TAMS 0x0000000784600000, 0x0000000784600000| Untracked 
|  71|0x0000000784700000, 0x0000000784700000, 0x0000000784800000|  0%| F|  |TAMS 0x0000000784700000, 0x0000000784700000| Untracked 
|  72|0x0000000784800000, 0x0000000784800000, 0x0000000784900000|  0%| F|  |TAMS 0x0000000784800000, 0x0000000784800000| Untracked 
|  73|0x0000000784900000, 0x0000000784900000, 0x0000000784a00000|  0%| F|  |TAMS 0x0000000784900000, 0x0000000784900000| Untracked 
|  74|0x0000000784a00000, 0x0000000784a00000, 0x0000000784b00000|  0%| F|  |TAMS 0x0000000784a00000, 0x0000000784a00000| Untracked 
|  75|0x0000000784b00000, 0x0000000784b00000, 0x0000000784c00000|  0%| F|  |TAMS 0x0000000784b00000, 0x0000000784b00000| Untracked 
|  76|0x0000000784c00000, 0x0000000784c00000, 0x0000000784d00000|  0%| F|  |TAMS 0x0000000784c00000, 0x0000000784c00000| Untracked 
|  77|0x0000000784d00000, 0x0000000784d00000, 0x0000000784e00000|  0%| F|  |TAMS 0x0000000784d00000, 0x0000000784d00000| Untracked 
|  78|0x0000000784e00000, 0x0000000784f00000, 0x0000000784f00000|100%| S|CS|TAMS 0x0000000784e00000, 0x0000000784e00000| Complete 
|  79|0x0000000784f00000, 0x0000000785000000, 0x0000000785000000|100%| S|CS|TAMS 0x0000000784f00000, 0x0000000784f00000| Complete 
|  80|0x0000000785000000, 0x0000000785100000, 0x0000000785100000|100%| S|CS|TAMS 0x0000000785000000, 0x0000000785000000| Complete 
|  81|0x0000000785100000, 0x0000000785200000, 0x0000000785200000|100%| S|CS|TAMS 0x0000000785100000, 0x0000000785100000| Complete 
|  82|0x0000000785200000, 0x0000000785300000, 0x0000000785300000|100%| S|CS|TAMS 0x0000000785200000, 0x0000000785200000| Complete 
|  83|0x0000000785300000, 0x0000000785400000, 0x0000000785400000|100%| S|CS|TAMS 0x0000000785300000, 0x0000000785300000| Complete 
|  84|0x0000000785400000, 0x0000000785400000, 0x0000000785500000|  0%| F|  |TAMS 0x0000000785400000, 0x0000000785400000| Untracked 
|  85|0x0000000785500000, 0x0000000785500000, 0x0000000785600000|  0%| F|  |TAMS 0x0000000785500000, 0x0000000785500000| Untracked 
|  86|0x0000000785600000, 0x0000000785600000, 0x0000000785700000|  0%| F|  |TAMS 0x0000000785600000, 0x0000000785600000| Untracked 
|  87|0x0000000785700000, 0x0000000785700000, 0x0000000785800000|  0%| F|  |TAMS 0x0000000785700000, 0x0000000785700000| Untracked 
|  88|0x0000000785800000, 0x0000000785800000, 0x0000000785900000|  0%| F|  |TAMS 0x0000000785800000, 0x0000000785800000| Untracked 
|  89|0x0000000785900000, 0x0000000785900000, 0x0000000785a00000|  0%| F|  |TAMS 0x0000000785900000, 0x0000000785900000| Untracked 
|  90|0x0000000785a00000, 0x0000000785a00000, 0x0000000785b00000|  0%| F|  |TAMS 0x0000000785a00000, 0x0000000785a00000| Untracked 
|  91|0x0000000785b00000, 0x0000000785b00000, 0x0000000785c00000|  0%| F|  |TAMS 0x0000000785b00000, 0x0000000785b00000| Untracked 
|  92|0x0000000785c00000, 0x0000000785c00000, 0x0000000785d00000|  0%| F|  |TAMS 0x0000000785c00000, 0x0000000785c00000| Untracked 
|  93|0x0000000785d00000, 0x0000000785d00000, 0x0000000785e00000|  0%| F|  |TAMS 0x0000000785d00000, 0x0000000785d00000| Untracked 
|  94|0x0000000785e00000, 0x0000000785e00000, 0x0000000785f00000|  0%| F|  |TAMS 0x0000000785e00000, 0x0000000785e00000| Untracked 
|  95|0x0000000785f00000, 0x0000000785f00000, 0x0000000786000000|  0%| F|  |TAMS 0x0000000785f00000, 0x0000000785f00000| Untracked 
|  96|0x0000000786000000, 0x0000000786000000, 0x0000000786100000|  0%| F|  |TAMS 0x0000000786000000, 0x0000000786000000| Untracked 
|  97|0x0000000786100000, 0x0000000786100000, 0x0000000786200000|  0%| F|  |TAMS 0x0000000786100000, 0x0000000786100000| Untracked 
|  98|0x0000000786200000, 0x0000000786200000, 0x0000000786300000|  0%| F|  |TAMS 0x0000000786200000, 0x0000000786200000| Untracked 
|  99|0x0000000786300000, 0x0000000786300000, 0x0000000786400000|  0%| F|  |TAMS 0x0000000786300000, 0x0000000786300000| Untracked 
| 100|0x0000000786400000, 0x0000000786400000, 0x0000000786500000|  0%| F|  |TAMS 0x0000000786400000, 0x0000000786400000| Untracked 
| 101|0x0000000786500000, 0x0000000786500000, 0x0000000786600000|  0%| F|  |TAMS 0x0000000786500000, 0x0000000786500000| Untracked 
| 102|0x0000000786600000, 0x0000000786600000, 0x0000000786700000|  0%| F|  |TAMS 0x0000000786600000, 0x0000000786600000| Untracked 
| 103|0x0000000786700000, 0x0000000786700000, 0x0000000786800000|  0%| F|  |TAMS 0x0000000786700000, 0x0000000786700000| Untracked 
| 104|0x0000000786800000, 0x0000000786800000, 0x0000000786900000|  0%| F|  |TAMS 0x0000000786800000, 0x0000000786800000| Untracked 
| 105|0x0000000786900000, 0x0000000786900000, 0x0000000786a00000|  0%| F|  |TAMS 0x0000000786900000, 0x0000000786900000| Untracked 
| 106|0x0000000786a00000, 0x0000000786a00000, 0x0000000786b00000|  0%| F|  |TAMS 0x0000000786a00000, 0x0000000786a00000| Untracked 
| 107|0x0000000786b00000, 0x0000000786b00000, 0x0000000786c00000|  0%| F|  |TAMS 0x0000000786b00000, 0x0000000786b00000| Untracked 
| 108|0x0000000786c00000, 0x0000000786c00000, 0x0000000786d00000|  0%| F|  |TAMS 0x0000000786c00000, 0x0000000786c00000| Untracked 
| 109|0x0000000786d00000, 0x0000000786d00000, 0x0000000786e00000|  0%| F|  |TAMS 0x0000000786d00000, 0x0000000786d00000| Untracked 
| 110|0x0000000786e00000, 0x0000000786e00000, 0x0000000786f00000|  0%| F|  |TAMS 0x0000000786e00000, 0x0000000786e00000| Untracked 
| 111|0x0000000786f00000, 0x0000000786f00000, 0x0000000787000000|  0%| F|  |TAMS 0x0000000786f00000, 0x0000000786f00000| Untracked 
| 112|0x0000000787000000, 0x0000000787000000, 0x0000000787100000|  0%| F|  |TAMS 0x0000000787000000, 0x0000000787000000| Untracked 
| 113|0x0000000787100000, 0x0000000787100000, 0x0000000787200000|  0%| F|  |TAMS 0x0000000787100000, 0x0000000787100000| Untracked 
| 114|0x0000000787200000, 0x0000000787200000, 0x0000000787300000|  0%| F|  |TAMS 0x0000000787200000, 0x0000000787200000| Untracked 
| 115|0x0000000787300000, 0x0000000787300000, 0x0000000787400000|  0%| F|  |TAMS 0x0000000787300000, 0x0000000787300000| Untracked 
| 116|0x0000000787400000, 0x0000000787400000, 0x0000000787500000|  0%| F|  |TAMS 0x0000000787400000, 0x0000000787400000| Untracked 
| 117|0x0000000787500000, 0x0000000787500000, 0x0000000787600000|  0%| F|  |TAMS 0x0000000787500000, 0x0000000787500000| Untracked 
| 118|0x0000000787600000, 0x0000000787600000, 0x0000000787700000|  0%| F|  |TAMS 0x0000000787600000, 0x0000000787600000| Untracked 
| 119|0x0000000787700000, 0x0000000787700000, 0x0000000787800000|  0%| F|  |TAMS 0x0000000787700000, 0x0000000787700000| Untracked 
| 120|0x0000000787800000, 0x0000000787800000, 0x0000000787900000|  0%| F|  |TAMS 0x0000000787800000, 0x0000000787800000| Untracked 
| 121|0x0000000787900000, 0x0000000787900000, 0x0000000787a00000|  0%| F|  |TAMS 0x0000000787900000, 0x0000000787900000| Untracked 
| 122|0x0000000787a00000, 0x0000000787b00000, 0x0000000787b00000|100%| E|  |TAMS 0x0000000787a00000, 0x0000000787a00000| Complete 
| 123|0x0000000787b00000, 0x0000000787c00000, 0x0000000787c00000|100%| E|CS|TAMS 0x0000000787b00000, 0x0000000787b00000| Complete 
| 124|0x0000000787c00000, 0x0000000787d00000, 0x0000000787d00000|100%| E|CS|TAMS 0x0000000787c00000, 0x0000000787c00000| Complete 
| 125|0x0000000787d00000, 0x0000000787e00000, 0x0000000787e00000|100%| E|CS|TAMS 0x0000000787d00000, 0x0000000787d00000| Complete 
| 126|0x0000000787e00000, 0x0000000787f00000, 0x0000000787f00000|100%| E|CS|TAMS 0x0000000787e00000, 0x0000000787e00000| Complete 
| 127|0x0000000787f00000, 0x0000000788000000, 0x0000000788000000|100%| E|CS|TAMS 0x0000000787f00000, 0x0000000787f00000| Complete 
|2046|0x00000007ffe00000, 0x00000007ffe78000, 0x00000007fff00000| 46%|OA|  |TAMS 0x00000007ffe00000, 0x00000007ffe00000| Untracked 
|2047|0x00000007fff00000, 0x00000007fff80000, 0x0000000800000000| 50%|CA|  |TAMS 0x00000007fff00000, 0x00000007fff00000| Untracked 

Card table byte_map: [0x0000000103814000,0x0000000103c14000] _byte_map_base: 0x00000000ffc14000

Marking Bits (Prev, Next): (CMBitMap*) 0x000000014c832e10, (CMBitMap*) 0x000000014c832e50
 Prev Bits: [0x000000011bb80000, 0x000000011db80000)
 Next Bits: [0x000000011db80000, 0x000000011fb80000)

Polling page: 0x000000010313c000

Metaspace:

Usage:
  Non-class:     14.45 MB used.
      Class:      2.62 MB used.
       Both:     17.07 MB used.

Virtual space:
  Non-class space:       16.00 MB reserved,      14.56 MB ( 91%) committed,  2 nodes.
      Class space:        1.00 GB reserved,       2.75 MB ( <1%) committed,  1 nodes.
             Both:        1.02 GB reserved,      17.31 MB (  2%) committed. 

Chunk freelists:
   Non-Class:  1.47 MB
       Class:  1.23 MB
        Both:  2.69 MB

MaxMetaspaceSize: unlimited
CompressedClassSpaceSize: 1.00 GB
Initial GC threshold: 21.00 MB
Current GC threshold: 21.00 MB
CDS: on
MetaspaceReclaimPolicy: balanced
 - commit_granule_bytes: 65536.
 - commit_granule_words: 8192.
 - virtual_space_node_default_size: 1048576.
 - enlarge_chunks_in_place: 1.
 - new_chunks_are_fully_committed: 0.
 - uncommit_free_chunks: 1.
 - use_allocation_guard: 0.
 - handle_deallocations: 1.


Internal statistics:

num_allocs_failed_limit: 0.
num_arena_births: 230.
num_arena_deaths: 0.
num_vsnodes_births: 3.
num_vsnodes_deaths: 0.
num_space_committed: 277.
num_space_uncommitted: 0.
num_chunks_returned_to_freelist: 0.
num_chunks_taken_from_freelist: 784.
num_chunk_merges: 0.
num_chunk_splits: 556.
num_chunks_enlarged: 450.
num_purges: 0.
num_inconsistent_stats: 0.

CodeHeap 'non-profiled nmethods': size=120032Kb used=1233Kb max_used=1233Kb free=118799Kb
 bounds [0x0000000114648000, 0x00000001148b8000, 0x000000011bb80000]
CodeHeap 'profiled nmethods': size=120016Kb used=6039Kb max_used=6039Kb free=113976Kb
 bounds [0x000000010d114000, 0x000000010d704000, 0x0000000114648000]
CodeHeap 'non-nmethods': size=5712Kb used=1386Kb max_used=1444Kb free=4326Kb
 bounds [0x000000010cb80000, 0x000000010cdf0000, 0x000000010d114000]
 total_blobs=3682 nmethods=2903 adapters=695
 compilation: enabled
              stopped_count=0, restarted_count=0
 full_count=0

Compilation events (20 events):
Event: 3.830 Thread 0x000000014a80d000 2970       3       com.sun.prism.es2.GLContext::updateBoundTexture (14 bytes)
Event: 3.830 Thread 0x000000014a80d000 nmethod 2970 0x000000010d6f6190 code [0x000000010d6f6380, 0x000000010d6f6898]
Event: 3.833 Thread 0x000000014c865200 2971       4       com.sun.javafx.collections.VetoableListDecorator::size (10 bytes)
Event: 3.834 Thread 0x000000014c865200 nmethod 2971 0x000000011477bf10 code [0x000000011477c0c0, 0x000000011477c280]
Event: 3.848 Thread 0x000000014a80d000 2972       3       com.sun.javafx.tk.quantum.QuantumToolkit::checkFxUserThread (12 bytes)
Event: 3.849 Thread 0x000000014a80d000 nmethod 2972 0x000000010d6f6a90 code [0x000000010d6f6cc0, 0x000000010d6f71f8]
Event: 3.849 Thread 0x000000014a80d000 2973       3       com.sun.javafx.tk.Toolkit::checkFxUserThread (27 bytes)
Event: 3.849 Thread 0x000000014a80d000 nmethod 2973 0x000000010d6f7410 code [0x000000010d6f7600, 0x000000010d6f7a48]
Event: 4.018 Thread 0x000000014a80d000 2974       3       com.sun.javafx.css.PseudoClassState::add (6 bytes)
Event: 4.018 Thread 0x000000014a80d000 nmethod 2974 0x000000010d6f7c10 code [0x000000010d6f7dc0, 0x000000010d6f7f58]
Event: 4.026 Thread 0x000000014a80d000 2975       3       javafx.scene.Node::layoutXProperty (25 bytes)
Event: 4.027 Thread 0x000000014a80d000 nmethod 2975 0x000000010d6f8010 code [0x000000010d6f8200, 0x000000010d6f8768]
Event: 4.027 Thread 0x000000014a80d000 2976       3       javafx.scene.Parent::prefWidth (89 bytes)
Event: 4.027 Thread 0x000000014c865200 2980       4       com.sun.javafx.geom.RectBounds::deriveWithNewBounds (96 bytes)
Event: 4.027 Thread 0x000000014a80d000 nmethod 2976 0x000000010d6f8990 code [0x000000010d6f8bc0, 0x000000010d6f9208]
Event: 4.027 Thread 0x000000014a80d000 2977       3       javafx.scene.layout.Region::setWidth (24 bytes)
Event: 4.028 Thread 0x000000014a80d000 nmethod 2977 0x000000010d6f9390 code [0x000000010d6f9580, 0x000000010d6f9888]
Event: 4.028 Thread 0x000000014a80d000 2978       3       javafx.scene.layout.Region::setHeight (24 bytes)
Event: 4.028 Thread 0x000000014a80d000 nmethod 2978 0x000000010d6f9990 code [0x000000010d6f9b80, 0x000000010d6f9e88]
Event: 4.028 Thread 0x000000014a80d000 2979       3       javafx.scene.layout.Region::resize (43 bytes)

GC Heap History (4 events):
Event: 0.424 GC heap before
{Heap before GC invocations=0 (full 0):
 garbage-first heap   total 133120K, used 23520K [0x0000000780000000, 0x0000000800000000)
  region size 1024K, 23 young (23552K), 0 survivors (0K)
 Metaspace       used 7747K, committed 7872K, reserved 1056768K
  class space    used 1008K, committed 1088K, reserved 1048576K
}
Event: 0.427 GC heap after
{Heap after GC invocations=1 (full 0):
 garbage-first heap   total 133120K, used 4053K [0x0000000780000000, 0x0000000800000000)
  region size 1024K, 3 young (3072K), 3 survivors (3072K)
 Metaspace       used 7747K, committed 7872K, reserved 1056768K
  class space    used 1008K, committed 1088K, reserved 1048576K
}
Event: 1.116 GC heap before
{Heap before GC invocations=1 (full 0):
 garbage-first heap   total 133120K, used 49109K [0x0000000780000000, 0x0000000800000000)
  region size 1024K, 44 young (45056K), 3 survivors (3072K)
 Metaspace       used 16576K, committed 16832K, reserved 1064960K
  class space    used 2586K, committed 2688K, reserved 1048576K
}
Event: 1.121 GC heap after
{Heap after GC invocations=2 (full 0):
 garbage-first heap   total 133120K, used 11525K [0x0000000780000000, 0x0000000800000000)
  region size 1024K, 6 young (6144K), 6 survivors (6144K)
 Metaspace       used 16576K, committed 16832K, reserved 1064960K
  class space    used 2586K, committed 2688K, reserved 1048576K
}

Deoptimization events (20 events):
Event: 3.358 Thread 0x000000014caed400 Uncommon trap: trap_request=0xffffffd6 fr.pc=0x00000001147605e0 relative=0x0000000000000aa0
Event: 3.358 Thread 0x000000014caed400 Uncommon trap: reason=array_check action=maybe_recompile pc=0x00000001147605e0 method=javafx.css.SimpleSelector.applies(Ljavafx/css/Styleable;[Ljava/util/Set;I)Z @ 37 c2
Event: 3.358 Thread 0x000000014caed400 DEOPT PACKING pc=0x00000001147605e0 sp=0x000000016ceed3b0
Event: 3.358 Thread 0x000000014caed400 DEOPT UNPACKING pc=0x000000010cbbed1c sp=0x000000016ceed380 mode 2
Event: 3.363 Thread 0x000000014caed400 Uncommon trap: trap_request=0xffffffde fr.pc=0x000000011472af68 relative=0x00000000000001e8
Event: 3.363 Thread 0x000000014caed400 Uncommon trap: reason=class_check action=maybe_recompile pc=0x000000011472af68 method=java.util.WeakHashMap.matchesKey(Ljava/util/WeakHashMap$Entry;Ljava/lang/Object;)Z @ 21 c2
Event: 3.363 Thread 0x000000014caed400 DEOPT PACKING pc=0x000000011472af68 sp=0x000000016ceecd30
Event: 3.363 Thread 0x000000014caed400 DEOPT UNPACKING pc=0x000000010cbbed1c sp=0x000000016ceecc30 mode 2
Event: 3.368 Thread 0x000000014caed400 Uncommon trap: trap_request=0xffffffde fr.pc=0x000000011472af68 relative=0x00000000000001e8
Event: 3.368 Thread 0x000000014caed400 Uncommon trap: reason=class_check action=maybe_recompile pc=0x000000011472af68 method=java.util.WeakHashMap.matchesKey(Ljava/util/WeakHashMap$Entry;Ljava/lang/Object;)Z @ 21 c2
Event: 3.368 Thread 0x000000014caed400 DEOPT PACKING pc=0x000000011472af68 sp=0x000000016ceecf40
Event: 3.368 Thread 0x000000014caed400 DEOPT UNPACKING pc=0x000000010cbbed1c sp=0x000000016ceece40 mode 2
Event: 3.369 Thread 0x000000014caed400 Uncommon trap: trap_request=0xffffffde fr.pc=0x0000000114750328 relative=0x00000000000004e8
Event: 3.369 Thread 0x000000014caed400 Uncommon trap: reason=class_check action=maybe_recompile pc=0x0000000114750328 method=javafx.scene.Node.updateLocalToParentTransform()V @ 11 c2
Event: 3.369 Thread 0x000000014caed400 DEOPT PACKING pc=0x0000000114750328 sp=0x000000016ceeacd0
Event: 3.369 Thread 0x000000014caed400 DEOPT UNPACKING pc=0x000000010cbbed1c sp=0x000000016ceeac00 mode 2
Event: 3.370 Thread 0x000000014caed400 Uncommon trap: trap_request=0xffffffde fr.pc=0x0000000114750328 relative=0x00000000000004e8
Event: 3.370 Thread 0x000000014caed400 Uncommon trap: reason=class_check action=maybe_recompile pc=0x0000000114750328 method=javafx.scene.Node.updateLocalToParentTransform()V @ 11 c2
Event: 3.370 Thread 0x000000014caed400 DEOPT PACKING pc=0x0000000114750328 sp=0x000000016cee9120
Event: 3.370 Thread 0x000000014caed400 DEOPT UNPACKING pc=0x000000010cbbed1c sp=0x000000016cee9050 mode 2

Classes unloaded (0 events):
No events

Classes redefined (0 events):
No events

Internal exceptions (20 events):
Event: 0.578 Thread 0x000000014caed400 Exception <a 'java/lang/ClassNotFoundException'{0x0000000786f86380}: com/sun/javafx/scene/control/skin/resources/controls_en> (0x0000000786f86380) 
thrown [src/hotspot/share/prims/jni.cpp, line 535]
Event: 0.578 Thread 0x000000014caed400 Exception <a 'java/lang/ClassNotFoundException'{0x0000000786f87318}: com/sun/javafx/scene/control/skin/resources/controls_en_US> (0x0000000786f87318) 
thrown [src/hotspot/share/prims/jni.cpp, line 535]
Event: 0.595 Thread 0x000000014caed400 Exception <a 'java/lang/NoSuchMethodError'{0x0000000786db2b90}: 'void java.lang.invoke.DirectMethodHandle$Holder.invokeSpecial(java.lang.Object, java.lang.Object, java.lang.Object, java.lang.Object, java.lang.Object, java.lang.Object)'> (0x0000000786db2b90) 
thrown [src/hotspot/share/interpreter/linkResolver.cpp, line 766]
Event: 0.668 Thread 0x000000014caed400 Exception <a 'java/lang/NoSuchMethodError'{0x000000078693d000}: 'java.lang.Object java.lang.invoke.DirectMethodHandle$Holder.invokeInterface(java.lang.Object, java.lang.Object, java.lang.Object)'> (0x000000078693d000) 
thrown [src/hotspot/share/interpreter/linkResolver.cpp, line 766]
Event: 0.668 Thread 0x000000014caed400 Exception <a 'java/lang/IncompatibleClassChangeError'{0x0000000786940988}: Found class java.lang.Object, but interface was expected> (0x0000000786940988) 
thrown [src/hotspot/share/interpreter/linkResolver.cpp, line 833]
Event: 0.688 Thread 0x000000014caed400 Exception <a 'java/lang/ClassNotFoundException'{0x0000000786470a08}: com/sun/javafx/scene/control/skin/resources/controls-nt> (0x0000000786470a08) 
thrown [src/hotspot/share/prims/jni.cpp, line 535]
Event: 0.688 Thread 0x000000014caed400 Exception <a 'java/lang/ClassNotFoundException'{0x0000000786479298}: com/sun/javafx/scene/control/skin/resources/controls-nt_en> (0x0000000786479298) 
thrown [src/hotspot/share/prims/jni.cpp, line 535]
Event: 0.688 Thread 0x000000014caed400 Exception <a 'java/lang/ClassNotFoundException'{0x000000078647a500}: com/sun/javafx/scene/control/skin/resources/controls-nt_en_US> (0x000000078647a500) 
thrown [src/hotspot/share/prims/jni.cpp, line 535]
Event: 0.699 Thread 0x000000014caed400 Exception <a 'java/lang/NoSuchMethodError'{0x00000007863d53c8}: 'int java.lang.invoke.DirectMethodHandle$Holder.invokeStaticInit(java.lang.Object, java.lang.Object)'> (0x00000007863d53c8) 
thrown [src/hotspot/share/interpreter/linkResolver.cpp, line 766]
Event: 0.741 Thread 0x000000014caed400 Exception <a 'java/lang/NoSuchMethodError'{0x0000000785dc3f08}: 'void java.lang.invoke.DirectMethodHandle$Holder.invokeSpecialIFC(java.lang.Object, java.lang.Object, java.lang.Object, java.lang.Object)'> (0x0000000785dc3f08) 
thrown [src/hotspot/share/interpreter/linkResolver.cpp, line 766]
Event: 0.755 Thread 0x000000014caed400 Exception <a 'java/lang/NoSuchMethodError'{0x0000000785cd5910}: 'java.lang.Object java.lang.invoke.DirectMethodHandle$Holder.newInvokeSpecial(java.lang.Object, java.lang.Object, int, int)'> (0x0000000785cd5910) 
thrown [src/hotspot/share/interpreter/linkResolver.cpp, line 766]
Event: 0.771 Thread 0x000000014caed400 Exception <a 'java/lang/NoSuchMethodError'{0x0000000785b43648}: 'java.lang.Object java.lang.invoke.DirectMethodHandle$Holder.newInvokeSpecial(java.lang.Object, java.lang.Object, int)'> (0x0000000785b43648) 
thrown [src/hotspot/share/interpreter/linkResolver.cpp, line 766]
Event: 0.826 Thread 0x000000014caed400 Exception <a 'java/lang/NoSuchMethodError'{0x0000000785adfd48}: 'long java.lang.invoke.DirectMethodHandle$Holder.invokeStatic(java.lang.Object, java.lang.Object, java.lang.Object)'> (0x0000000785adfd48) 
thrown [src/hotspot/share/interpreter/linkResolver.cpp, line 766]
Event: 0.826 Thread 0x000000014caed400 Exception <a 'java/lang/NoSuchMethodError'{0x0000000785ae34f0}: 'long java.lang.invoke.DirectMethodHandle$Holder.invokeStaticInit(java.lang.Object, java.lang.Object, java.lang.Object)'> (0x0000000785ae34f0) 
thrown [src/hotspot/share/interpreter/linkResolver.cpp, line 766]
Event: 0.826 Thread 0x000000014caed400 Exception <a 'java/lang/NoSuchMethodError'{0x0000000785afb0f8}: 'java.lang.Object java.lang.invoke.DirectMethodHandle$Holder.newInvokeSpecial(java.lang.Object, java.lang.Object, long)'> (0x0000000785afb0f8) 
thrown [src/hotspot/share/interpreter/linkResolver.cpp, line 766]
Event: 0.826 Thread 0x000000014caed400 Exception <a 'java/lang/NoSuchMethodError'{0x0000000785afe9c0}: 'java.lang.Object java.lang.invoke.Invokers$Holder.linkToTargetMethod(java.lang.Object, long, java.lang.Object)'> (0x0000000785afe9c0) 
thrown [src/hotspot/share/interpreter/linkResolver.cpp, line 766]
Event: 2.794 Thread 0x000000014b8bca00 Exception <a 'java/lang/NoSuchMethodError'{0x0000000787d1cdc0}: 'java.lang.Object java.lang.invoke.DirectMethodHandle$Holder.invokeStaticInit(java.lang.Object, int)'> (0x0000000787d1cdc0) 
thrown [src/hotspot/share/interpreter/linkResolver.cpp, line 766]
Event: 2.795 Thread 0x000000014caed400 Exception <a 'java/lang/NoSuchMethodError'{0x0000000787bb3620}: 'java.lang.Object java.lang.invoke.DirectMethodHandle$Holder.newInvokeSpecial(java.lang.Object, java.lang.Object, int, int, int, int, int, java.lang.Object)'> (0x0000000787bb3620) 
thrown [src/hotspot/share/interpreter/linkResolver.cpp, line 766]
Event: 2.796 Thread 0x000000014caed400 Exception <a 'java/lang/NoSuchMethodError'{0x0000000787bc6600}: 'java.lang.Object java.lang.invoke.DirectMethodHandle$Holder.newInvokeSpecial(java.lang.Object, java.lang.Object, java.lang.Object, int, int, int, int, int)'> (0x0000000787bc6600) 
thrown [src/hotspot/share/interpreter/linkResolver.cpp, line 766]
Event: 2.796 Thread 0x000000014caed400 Exception <a 'java/lang/NoSuchMethodError'{0x0000000787bcde60}: 'java.lang.Object java.lang.invoke.Invokers$Holder.linkToTargetMethod(java.lang.Object, java.lang.Object, int, int, int, int, int, java.lang.Object)'> (0x0000000787bcde60) 
thrown [src/hotspot/share/interpreter/linkResolver.cpp, line 766]

VM Operations (20 events):
Event: 0.522 Executing VM operation: ICBufferFull
Event: 0.522 Executing VM operation: ICBufferFull done
Event: 0.647 Executing VM operation: HandshakeAllThreads
Event: 0.647 Executing VM operation: HandshakeAllThreads done
Event: 0.679 Executing VM operation: ICBufferFull
Event: 0.679 Executing VM operation: ICBufferFull done
Event: 0.714 Executing VM operation: ICBufferFull
Event: 0.714 Executing VM operation: ICBufferFull done
Event: 0.746 Executing VM operation: ICBufferFull
Event: 0.746 Executing VM operation: ICBufferFull done
Event: 0.812 Executing VM operation: ICBufferFull
Event: 0.812 Executing VM operation: ICBufferFull done
Event: 1.116 Executing VM operation: G1CollectForAllocation
Event: 1.121 Executing VM operation: G1CollectForAllocation done
Event: 2.107 Executing VM operation: ICBufferFull
Event: 2.107 Executing VM operation: ICBufferFull done
Event: 2.766 Executing VM operation: ICBufferFull
Event: 2.766 Executing VM operation: ICBufferFull done
Event: 3.388 Executing VM operation: ICBufferFull
Event: 3.388 Executing VM operation: ICBufferFull done

Events (20 events):
Event: 1.124 loading class sun/util/locale/provider/TimeZoneNameUtility
Event: 1.124 loading class sun/util/locale/provider/TimeZoneNameUtility done
Event: 1.124 loading class sun/util/locale/provider/TimeZoneNameUtility$TimeZoneNameGetter
Event: 1.124 loading class sun/util/locale/provider/TimeZoneNameUtility$TimeZoneNameGetter done
Event: 1.126 loading class sun/util/cldr/CLDRTimeZoneNameProviderImpl
Event: 1.127 loading class sun/util/locale/provider/TimeZoneNameProviderImpl
Event: 1.127 loading class sun/util/locale/provider/TimeZoneNameProviderImpl done
Event: 1.127 loading class sun/util/cldr/CLDRTimeZoneNameProviderImpl done
Event: 1.129 loading class sun/util/locale/provider/BaseLocaleDataMetaInfo
Event: 1.129 loading class sun/util/locale/provider/BaseLocaleDataMetaInfo done
Event: 1.130 loading class sun/util/resources/cldr/TimeZoneNames
Event: 1.130 loading class sun/util/resources/TimeZoneNamesBundle
Event: 1.131 loading class sun/util/resources/OpenListResourceBundle
Event: 1.131 loading class sun/util/resources/OpenListResourceBundle done
Event: 1.131 loading class sun/util/resources/TimeZoneNamesBundle done
Event: 1.131 loading class sun/util/resources/cldr/TimeZoneNames done
Event: 1.131 loading class sun/util/resources/cldr/TimeZoneNames_en
Event: 1.131 loading class sun/util/resources/cldr/TimeZoneNames_en done
Event: 1.132 loading class sun/util/resources/cldr/TimeZoneNames_en_US
Event: 1.132 loading class sun/util/resources/cldr/TimeZoneNames_en_US done


Dynamic libraries:
0x00000001030f0000 	/Users/pranavkalapala/Library/Java/JavaVirtualMachines/azul-17/Contents/Home/lib/libjli.dylib
0x00000001cee0a000 	/usr/lib/libz.1.dylib
0x00000001ceeba000 	/usr/lib/libSystem.B.dylib
0x00000001ceeb4000 	/usr/lib/system/libcache.dylib
0x00000001cee72000 	/usr/lib/system/libcommonCrypto.dylib
0x00000001cee9b000 	/usr/lib/system/libcompiler_rt.dylib
0x00000001cee92000 	/usr/lib/system/libcopyfile.dylib
0x00000001c41be000 	/usr/lib/system/libcorecrypto.dylib
0x00000001c4263000 	/usr/lib/system/libdispatch.dylib
0x00000001c442b000 	/usr/lib/system/libdyld.dylib
0x00000001ceeaa000 	/usr/lib/system/libkeymgr.dylib
0x00000001cee54000 	/usr/lib/system/libmacho.dylib
0x00000001ce560000 	/usr/lib/system/libquarantine.dylib
0x00000001ceea7000 	/usr/lib/system/libremovefile.dylib
0x00000001c95ad000 	/usr/lib/system/libsystem_asl.dylib
0x00000001c4168000 	/usr/lib/system/libsystem_blocks.dylib
0x00000001c42e9000 	/usr/lib/system/libsystem_c.dylib
0x00000001cee9f000 	/usr/lib/system/libsystem_collections.dylib
0x00000001cd9bd000 	/usr/lib/system/libsystem_configuration.dylib
0x00000001ccc43000 	/usr/lib/system/libsystem_containermanager.dylib
0x00000001cebbe000 	/usr/lib/system/libsystem_coreservices.dylib
0x00000001c6b50000 	/usr/lib/system/libsystem_darwin.dylib
0x00000001ceeab000 	/usr/lib/system/libsystem_dnssd.dylib
0x00000001c42e6000 	/usr/lib/system/libsystem_featureflags.dylib
0x00000001c4440000 	/usr/lib/system/libsystem_info.dylib
0x00000001cee1c000 	/usr/lib/system/libsystem_m.dylib
0x00000001c4238000 	/usr/lib/system/libsystem_malloc.dylib
0x00000001c953e000 	/usr/lib/system/libsystem_networkextension.dylib
0x00000001c6fa3000 	/usr/lib/system/libsystem_notify.dylib
0x00000001d5087000 	/usr/lib/system/libsystem_product_info_filter.dylib
0x00000001cd9c2000 	/usr/lib/system/libsystem_sandbox.dylib
0x00000001ceea4000 	/usr/lib/system/libsystem_secinit.dylib
0x00000001c43e8000 	/usr/lib/system/libsystem_kernel.dylib
0x00000001c4438000 	/usr/lib/system/libsystem_platform.dylib
0x00000001c441e000 	/usr/lib/system/libsystem_pthread.dylib
0x00000001cace3000 	/usr/lib/system/libsystem_symptoms.dylib
0x00000001c41a4000 	/usr/lib/system/libsystem_trace.dylib
0x00000001cee7f000 	/usr/lib/system/libunwind.dylib
0x00000001c416a000 	/usr/lib/system/libxpc.dylib
0x00000001c43ce000 	/usr/lib/libc++abi.dylib
0x00000001c42aa000 	/usr/lib/libobjc.A.dylib
0x00000001cee8a000 	/usr/lib/liboah.dylib
0x00000001c436a000 	/usr/lib/libc++.1.dylib
0x00000001daa64000 	/System/Library/Frameworks/Cocoa.framework/Versions/A/Cocoa
0x00000001c7002000 	/System/Library/Frameworks/AppKit.framework/Versions/C/AppKit
0x00000001ca524000 	/System/Library/Frameworks/CoreData.framework/Versions/A/CoreData
0x00000001c5363000 	/System/Library/Frameworks/Foundation.framework/Versions/C/Foundation
0x00000001c7eb4000 	/System/Library/PrivateFrameworks/UIFoundation.framework/Versions/A/UIFoundation
0x00000001d4d81000 	/System/Library/PrivateFrameworks/RemoteViewServices.framework/Versions/A/RemoteViewServices
0x00000001cd37c000 	/System/Library/PrivateFrameworks/XCTTargetBootstrap.framework/Versions/A/XCTTargetBootstrap
0x00000001d0bbc000 	/System/Library/PrivateFrameworks/InternationalSupport.framework/Versions/A/InternationalSupport
0x00000001d0c45000 	/System/Library/PrivateFrameworks/UserActivity.framework/Versions/A/UserActivity
0x00000001d00e7000 	/usr/lib/libspindump.dylib
0x00000001c8124000 	/System/Library/Frameworks/UniformTypeIdentifiers.framework/Versions/A/UniformTypeIdentifiers
0x00000001cb90a000 	/usr/lib/libapp_launch_measurement.dylib
0x00000001cae87000 	/System/Library/PrivateFrameworks/CoreAnalytics.framework/Versions/A/CoreAnalytics
0x00000001cb90d000 	/System/Library/PrivateFrameworks/CoreAutoLayout.framework/Versions/A/CoreAutoLayout
0x00000001ccc80000 	/System/Library/Frameworks/Metal.framework/Versions/A/Metal
0x00000001cd9cd000 	/usr/lib/liblangid.dylib
0x00000001cd380000 	/System/Library/PrivateFrameworks/CoreSVG.framework/Versions/A/CoreSVG
0x00000001c95e1000 	/System/Library/PrivateFrameworks/SkyLight.framework/Versions/A/SkyLight
0x00000001c99a9000 	/System/Library/Frameworks/CoreGraphics.framework/Versions/A/CoreGraphics
0x00000001d53fa000 	/System/Library/Frameworks/Accelerate.framework/Versions/A/Accelerate
0x00000001cfb5c000 	/System/Library/PrivateFrameworks/IconServices.framework/Versions/A/IconServices
0x00000001ccc62000 	/System/Library/Frameworks/IOSurface.framework/Versions/A/IOSurface
0x00000001caeb7000 	/usr/lib/libDiagnosticMessagesClient.dylib
0x00000001d8832000 	/System/Library/Frameworks/ApplicationServices.framework/Versions/A/ApplicationServices
0x00000001cd364000 	/System/Library/PrivateFrameworks/DFRFoundation.framework/Versions/A/DFRFoundation
0x00000001c68a5000 	/usr/lib/libicucore.A.dylib
0x00000001d19b9000 	/System/Library/Frameworks/AudioToolbox.framework/Versions/A/AudioToolbox
0x00000001d0bc8000 	/System/Library/PrivateFrameworks/DataDetectorsCore.framework/Versions/A/DataDetectorsCore
0x00000001e6be4000 	/System/Library/PrivateFrameworks/TextInput.framework/Versions/A/TextInput
0x00000001c9558000 	/usr/lib/libMobileGestalt.dylib
0x00000001cd034000 	/System/Library/Frameworks/Carbon.framework/Versions/A/Frameworks/HIToolbox.framework/Versions/A/HIToolbox
0x00000001cb314000 	/System/Library/Frameworks/QuartzCore.framework/Versions/A/QuartzCore
0x00000001c6522000 	/System/Library/Frameworks/Security.framework/Versions/A/Security
0x00000001d4dc1000 	/System/Library/Frameworks/Carbon.framework/Versions/A/Frameworks/SpeechRecognition.framework/Versions/A/SpeechRecognition
0x00000001cb661000 	/System/Library/PrivateFrameworks/CoreUI.framework/Versions/A/CoreUI
0x00000001c5df5000 	/System/Library/Frameworks/CoreAudio.framework/Versions/A/CoreAudio
0x00000001cafa7000 	/System/Library/Frameworks/DiskArbitration.framework/Versions/A/DiskArbitration
0x00000001d04cf000 	/System/Library/PrivateFrameworks/MultitouchSupport.framework/Versions/A/MultitouchSupport
0x00000001c9556000 	/usr/lib/libenergytrace.dylib
0x00000001c6ece000 	/System/Library/Frameworks/IOKit.framework/Versions/A/IOKit
0x00000001d51a8000 	/System/Library/Frameworks/CoreServices.framework/Versions/A/CoreServices
0x00000001cb89a000 	/System/Library/PrivateFrameworks/PerformanceAnalysis.framework/Versions/A/PerformanceAnalysis
0x0000000225409000 	/System/Library/Frameworks/OpenGL.framework/Versions/A/OpenGL
0x00000001ce480000 	/System/Library/PrivateFrameworks/MobileKeyBag.framework/Versions/A/MobileKeyBag
0x00000001c9fb9000 	/System/Library/Frameworks/ColorSync.framework/Versions/A/ColorSync
0x00000001c446c000 	/System/Library/Frameworks/CoreFoundation.framework/Versions/A/CoreFoundation
0x00000001cd601000 	/System/Library/Frameworks/CoreImage.framework/Versions/A/CoreImage
0x00000001c5c18000 	/System/Library/Frameworks/CoreText.framework/Versions/A/CoreText
0x00000001cd3b0000 	/System/Library/Frameworks/ImageIO.framework/Versions/A/ImageIO
0x00000001ceec0000 	/System/Library/PrivateFrameworks/SoftLinking.framework/Versions/A/SoftLinking
0x00000001cb957000 	/usr/lib/libxml2.2.dylib
0x00000001cf158000 	/usr/lib/libcompression.dylib
0x00000001d0b15000 	/System/Library/PrivateFrameworks/TextureIO.framework/Versions/A/TextureIO
0x00000001cf876000 	/usr/lib/libate.dylib
0x00000001cf73e000 	/usr/lib/liblzma.5.dylib
0x00000001c5054000 	/System/Library/Frameworks/SystemConfiguration.framework/Versions/A/SystemConfiguration
0x00000001ceebc000 	/usr/lib/libfakelink.dylib
0x00000001c9086000 	/System/Library/Frameworks/CFNetwork.framework/Versions/A/CFNetwork
0x00000001cf003000 	/usr/lib/libarchive.2.dylib
0x00000001cd9c9000 	/System/Library/PrivateFrameworks/AppleSystemInfo.framework/Versions/A/AppleSystemInfo
0x00000001ce58a000 	/usr/lib/libbsm.0.dylib
0x00000001c85c3000 	/usr/lib/libnetwork.dylib
0x00000001cee5a000 	/usr/lib/system/libkxld.dylib
0x00000001ce1a2000 	/System/Library/PrivateFrameworks/IOMobileFramebuffer.framework/Versions/A/IOMobileFramebuffer
0x0000000240d34000 	/usr/lib/libCoreEntitlements.dylib
0x00000001ceba0000 	/System/Library/PrivateFrameworks/AppleFSCompression.framework/Versions/A/AppleFSCompression
0x00000001ce573000 	/usr/lib/libcoretls.dylib
0x00000001cf757000 	/usr/lib/libcoretls_cfhelpers.dylib
0x00000001cf153000 	/usr/lib/libpam.2.dylib
0x00000001ca90b000 	/usr/lib/libsqlite3.dylib
0x00000001cf7bf000 	/usr/lib/libxar.1.dylib
0x00000001cebb1000 	/usr/lib/libbz2.1.0.dylib
0x00000001ceec1000 	/usr/lib/libpcap.A.dylib
0x00000001cacda000 	/usr/lib/libdns_services.dylib
0x00000001cf126000 	/usr/lib/libapple_nghttp2.dylib
0x00000001ceefe000 	/usr/lib/libiconv.2.dylib
0x00000001cee53000 	/usr/lib/libcharset.1.dylib
0x00000001cb8d6000 	/System/Library/Frameworks/CoreServices.framework/Versions/A/Frameworks/FSEvents.framework/Versions/A/FSEvents
0x00000001c6b5b000 	/System/Library/Frameworks/CoreServices.framework/Versions/A/Frameworks/CarbonCore.framework/Versions/A/CarbonCore
0x00000001caf0a000 	/System/Library/Frameworks/CoreServices.framework/Versions/A/Frameworks/Metadata.framework/Versions/A/Metadata
0x00000001cebc4000 	/System/Library/Frameworks/CoreServices.framework/Versions/A/Frameworks/OSServices.framework/Versions/A/OSServices
0x00000001cf088000 	/System/Library/Frameworks/CoreServices.framework/Versions/A/Frameworks/SearchKit.framework/Versions/A/SearchKit
0x00000001cac68000 	/System/Library/Frameworks/CoreServices.framework/Versions/A/Frameworks/AE.framework/Versions/A/AE
0x00000001c49b0000 	/System/Library/Frameworks/CoreServices.framework/Versions/A/Frameworks/LaunchServices.framework/Versions/A/LaunchServices
0x00000001cf6e7000 	/System/Library/Frameworks/CoreServices.framework/Versions/A/Frameworks/DictionaryServices.framework/Versions/A/DictionaryServices
0x00000001cb8e3000 	/System/Library/Frameworks/CoreServices.framework/Versions/A/Frameworks/SharedFileList.framework/Versions/A/SharedFileList
0x00000001ce563000 	/usr/lib/libCheckFix.dylib
0x00000001c95c5000 	/System/Library/PrivateFrameworks/TCC.framework/Versions/A/TCC
0x00000001cd9cf000 	/System/Library/PrivateFrameworks/CoreNLP.framework/Versions/A/CoreNLP
0x00000001caeba000 	/System/Library/PrivateFrameworks/MetadataUtilities.framework/Versions/A/MetadataUtilities
0x00000001c510d000 	/usr/lib/libmecabra.dylib
0x00000001ce59b000 	/usr/lib/libmecab.dylib
0x00000001c50d9000 	/usr/lib/libCRFSuite.dylib
0x00000001ce5f9000 	/usr/lib/libgermantok.dylib
0x00000001cf0ff000 	/usr/lib/libThaiTokenizer.dylib
0x00000001cafaf000 	/System/Library/Frameworks/Accelerate.framework/Versions/A/Frameworks/vImage.framework/Versions/A/vImage
0x00000001d517f000 	/System/Library/Frameworks/Accelerate.framework/Versions/A/Frameworks/vecLib.framework/Versions/A/vecLib
0x00000001cf803000 	/System/Library/Frameworks/Accelerate.framework/Versions/A/Frameworks/vecLib.framework/Versions/A/libvMisc.dylib
0x00000001ce0ac000 	/System/Library/Frameworks/Accelerate.framework/Versions/A/Frameworks/vecLib.framework/Versions/A/libvDSP.dylib
0x00000001c4d33000 	/System/Library/Frameworks/Accelerate.framework/Versions/A/Frameworks/vecLib.framework/Versions/A/libBLAS.dylib
0x00000001cf227000 	/System/Library/Frameworks/Accelerate.framework/Versions/A/Frameworks/vecLib.framework/Versions/A/libLAPACK.dylib
0x00000001ce5fc000 	/System/Library/Frameworks/Accelerate.framework/Versions/A/Frameworks/vecLib.framework/Versions/A/libLinearAlgebra.dylib
0x00000001cf13e000 	/System/Library/Frameworks/Accelerate.framework/Versions/A/Frameworks/vecLib.framework/Versions/A/libSparseBLAS.dylib
0x00000001cf222000 	/System/Library/Frameworks/Accelerate.framework/Versions/A/Frameworks/vecLib.framework/Versions/A/libQuadrature.dylib
0x00000001cdac6000 	/System/Library/Frameworks/Accelerate.framework/Versions/A/Frameworks/vecLib.framework/Versions/A/libBNNS.dylib
0x00000001c4ff1000 	/System/Library/Frameworks/Accelerate.framework/Versions/A/Frameworks/vecLib.framework/Versions/A/libSparse.dylib
0x00000001cdabe000 	/System/Library/PrivateFrameworks/LinguisticData.framework/Versions/A/LinguisticData
0x00000001c4fa7000 	/System/Library/PrivateFrameworks/Lexicon.framework/Versions/A/Lexicon
0x00000001cf7fb000 	/usr/lib/libChineseTokenizer.dylib
0x00000001c5751000 	/System/Library/PrivateFrameworks/LanguageModeling.framework/Versions/A/LanguageModeling
0x00000001cf101000 	/System/Library/PrivateFrameworks/AppleSauce.framework/Versions/A/AppleSauce
0x00000001ce18f000 	/System/Library/PrivateFrameworks/CoreEmoji.framework/Versions/A/CoreEmoji
0x00000001ceff1000 	/usr/lib/libcmph.dylib
0x00000001cb8b6000 	/System/Library/Frameworks/OpenDirectory.framework/Versions/A/Frameworks/CFOpenDirectory.framework/Versions/A/CFOpenDirectory
0x00000001cb8a6000 	/System/Library/Frameworks/OpenDirectory.framework/Versions/A/OpenDirectory
0x00000001cf759000 	/System/Library/PrivateFrameworks/APFS.framework/Versions/A/APFS
0x00000001ce4bb000 	/System/Library/Frameworks/SecurityFoundation.framework/Versions/A/SecurityFoundation
0x00000001cf7cd000 	/usr/lib/libutil.dylib
0x00000001c6e90000 	/System/Library/PrivateFrameworks/CoreServicesStore.framework/Versions/A/CoreServicesStore
0x00000001cf7d1000 	/usr/lib/libxslt.1.dylib
0x00000001ce54f000 	/System/Library/PrivateFrameworks/BackgroundTaskManagement.framework/Versions/A/BackgroundTaskManagement
0x00000001d0a36000 	/System/Library/Frameworks/ImageIO.framework/Versions/A/Resources/libRadiance.dylib
0x00000001d0a3f000 	/System/Library/Frameworks/ImageIO.framework/Versions/A/Resources/libJPEG.dylib
0x00000001d0991000 	/System/Library/Frameworks/ImageIO.framework/Versions/A/Resources/libPng.dylib
0x00000001d09b3000 	/System/Library/Frameworks/ImageIO.framework/Versions/A/Resources/libTIFF.dylib
0x00000001d0a9a000 	/System/Library/Frameworks/ImageIO.framework/Versions/A/Resources/libGIF.dylib
0x00000001d03df000 	/System/Library/Frameworks/ImageIO.framework/Versions/A/Resources/libJP2.dylib
0x00000001cfb22000 	/usr/lib/libexpat.1.dylib
0x00000001d039a000 	/System/Library/PrivateFrameworks/AppleJPEG.framework/Versions/A/AppleJPEG
0x00000001ccef3000 	/System/Library/PrivateFrameworks/FontServices.framework/libFontParser.dylib
0x00000001cac0d000 	/System/Library/PrivateFrameworks/RunningBoardServices.framework/Versions/A/RunningBoardServices
0x00000001db0cf000 	/System/Library/PrivateFrameworks/IOSurfaceAccelerator.framework/Versions/A/IOSurfaceAccelerator
0x00000001d04cb000 	/System/Library/PrivateFrameworks/WatchdogClient.framework/Versions/A/WatchdogClient
0x00000001c5855000 	/System/Library/Frameworks/CoreDisplay.framework/Versions/A/CoreDisplay
0x00000001ccde2000 	/System/Library/Frameworks/CoreMedia.framework/Versions/A/CoreMedia
0x00000001ccc76000 	/System/Library/PrivateFrameworks/IOAccelerator.framework/Versions/A/IOAccelerator
0x00000001cba44000 	/System/Library/Frameworks/CoreVideo.framework/Versions/A/CoreVideo
0x00000001cf151000 	/System/Library/Frameworks/MetalPerformanceShaders.framework/Versions/A/MetalPerformanceShaders
0x00000001d0508000 	/System/Library/Frameworks/VideoToolbox.framework/Versions/A/VideoToolbox
0x00000001cab51000 	/System/Library/PrivateFrameworks/BaseBoard.framework/Versions/A/BaseBoard
0x00000001ca8f0000 	/System/Library/PrivateFrameworks/ProtocolBuffer.framework/Versions/A/ProtocolBuffer
0x00000001d0a31000 	/System/Library/PrivateFrameworks/GPUWrangler.framework/Versions/A/GPUWrangler
0x00000001d0a10000 	/System/Library/PrivateFrameworks/IOPresentment.framework/Versions/A/IOPresentment
0x00000001d0a39000 	/System/Library/PrivateFrameworks/DSExternalDisplay.framework/Versions/A/DSExternalDisplay
0x00000002253fc000 	/System/Library/Frameworks/OpenGL.framework/Versions/A/Libraries/libCoreFSCache.dylib
0x000000022eb16000 	/System/Library/PrivateFrameworks/GPUCompiler.framework/Versions/31001/Libraries/libGPUCompilerUtils.dylib
0x00000001d0a9f000 	/System/Library/PrivateFrameworks/CMCaptureCore.framework/Versions/A/CMCaptureCore
0x00000001d00d5000 	/System/Library/PrivateFrameworks/AppServerSupport.framework/Versions/A/AppServerSupport
0x00000001d2274000 	/System/Library/PrivateFrameworks/perfdata.framework/Versions/A/perfdata
0x00000001c5975000 	/System/Library/PrivateFrameworks/AudioToolboxCore.framework/Versions/A/AudioToolboxCore
0x00000001ccdba000 	/System/Library/PrivateFrameworks/caulk.framework/Versions/A/caulk
0x00000001d1b69000 	/usr/lib/libAudioStatistics.dylib
0x00000001e3382000 	/System/Library/PrivateFrameworks/SystemPolicy.framework/Versions/A/SystemPolicy
0x00000001d1dc9000 	/usr/lib/libSMC.dylib
0x00000001da946000 	/System/Library/Frameworks/CoreMIDI.framework/Versions/A/CoreMIDI
0x00000001d095f000 	/usr/lib/libAudioToolboxUtility.dylib
0x00000001df828000 	/System/Library/PrivateFrameworks/OSAServicesClient.framework/Versions/A/OSAServicesClient
0x00000001d2281000 	/usr/lib/libperfcheck.dylib
0x00000001e3e85000 	/usr/lib/libmis.dylib
0x000000022545d000 	/System/Library/Frameworks/OpenGL.framework/Versions/A/Libraries/libGLU.dylib
0x000000022541c000 	/System/Library/Frameworks/OpenGL.framework/Versions/A/Libraries/libGFXShared.dylib
0x0000000225606000 	/System/Library/Frameworks/OpenGL.framework/Versions/A/Libraries/libGL.dylib
0x0000000225425000 	/System/Library/Frameworks/OpenGL.framework/Versions/A/Libraries/libGLImage.dylib
0x0000000225419000 	/System/Library/Frameworks/OpenGL.framework/Versions/A/Libraries/libCVMSPluginSupport.dylib
0x0000000225403000 	/System/Library/Frameworks/OpenGL.framework/Versions/A/Libraries/libCoreVMClient.dylib
0x00000001cd94b000 	/System/Library/Frameworks/MetalPerformanceShaders.framework/Versions/A/Frameworks/MPSCore.framework/Versions/A/MPSCore
0x00000001ceb13000 	/System/Library/Frameworks/MetalPerformanceShaders.framework/Versions/A/Frameworks/MPSImage.framework/Versions/A/MPSImage
0x00000001ce611000 	/System/Library/Frameworks/MetalPerformanceShaders.framework/Versions/A/Frameworks/MPSNeuralNetwork.framework/Versions/A/MPSNeuralNetwork
0x00000001cea4e000 	/System/Library/Frameworks/MetalPerformanceShaders.framework/Versions/A/Frameworks/MPSMatrix.framework/Versions/A/MPSMatrix
0x00000001ce829000 	/System/Library/Frameworks/MetalPerformanceShaders.framework/Versions/A/Frameworks/MPSRayIntersector.framework/Versions/A/MPSRayIntersector
0x00000001cea7f000 	/System/Library/Frameworks/MetalPerformanceShaders.framework/Versions/A/Frameworks/MPSNDArray.framework/Versions/A/MPSNDArray
0x0000000227118000 	/System/Library/Frameworks/MetalPerformanceShaders.framework/Versions/A/Frameworks/MPSFunctions.framework/Versions/A/MPSFunctions
0x00000001c4c11000 	/System/Library/PrivateFrameworks/MetalTools.framework/Versions/A/MetalTools
0x00000001cd9c7000 	/System/Library/PrivateFrameworks/AggregateDictionary.framework/Versions/A/AggregateDictionary
0x00000001cf908000 	/usr/lib/libIOReport.dylib
0x00000001d9934000 	/System/Library/PrivateFrameworks/ASEProcessing.framework/Versions/A/ASEProcessing
0x00000001cfc7a000 	/System/Library/PrivateFrameworks/FaceCore.framework/Versions/A/FaceCore
0x00000001cfc6c000 	/System/Library/PrivateFrameworks/GraphVisualizer.framework/Versions/A/GraphVisualizer
0x000000022ea2d000 	/System/Library/PrivateFrameworks/FontServices.framework/Versions/A/FontServices
0x00000001d008f000 	/System/Library/PrivateFrameworks/OTSVG.framework/Versions/A/OTSVG
0x00000001cb612000 	/System/Library/Frameworks/ApplicationServices.framework/Versions/A/Frameworks/ATS.framework/Versions/A/Resources/libFontRegistry.dylib
0x00000001d00de000 	/System/Library/PrivateFrameworks/FontServices.framework/libhvf.dylib
0x000000022ea2e000 	/System/Library/PrivateFrameworks/FontServices.framework/libXTFontStaticRegistryData.dylib
0x00000002257a8000 	/System/Library/Frameworks/OpenCL.framework/Versions/A/OpenCL
0x00000001cfad6000 	/System/Library/PrivateFrameworks/AppleVA.framework/Versions/A/AppleVA
0x00000001d1b91000 	/System/Library/Frameworks/ApplicationServices.framework/Versions/A/Frameworks/ATS.framework/Versions/A/ATS
0x00000001ca0b6000 	/System/Library/Frameworks/ApplicationServices.framework/Versions/A/Frameworks/HIServices.framework/Versions/A/HIServices
0x00000001d0aa9000 	/System/Library/Frameworks/ApplicationServices.framework/Versions/A/Frameworks/PrintCore.framework/Versions/A/PrintCore
0x00000001d1f1c000 	/System/Library/Frameworks/ApplicationServices.framework/Versions/A/Frameworks/QD.framework/Versions/A/QD
0x00000001d1f14000 	/System/Library/Frameworks/ApplicationServices.framework/Versions/A/Frameworks/ColorSyncLegacy.framework/Versions/A/ColorSyncLegacy
0x00000001d1b7d000 	/System/Library/Frameworks/ApplicationServices.framework/Versions/A/Frameworks/SpeechSynthesis.framework/Versions/A/SpeechSynthesis
0x00000001d0a6a000 	/System/Library/Frameworks/ApplicationServices.framework/Versions/A/Frameworks/ATSUI.framework/Versions/A/ATSUI
0x00000001d1ea9000 	/usr/lib/libcups.2.dylib
0x00000001d228f000 	/System/Library/Frameworks/Kerberos.framework/Versions/A/Kerberos
0x00000001d22a0000 	/System/Library/Frameworks/GSS.framework/Versions/A/GSS
0x00000001d1c00000 	/usr/lib/libresolv.9.dylib
0x00000001d00ec000 	/System/Library/PrivateFrameworks/Heimdal.framework/Versions/A/Heimdal
0x00000001d8ba8000 	/System/Library/Frameworks/Kerberos.framework/Versions/A/Libraries/libHeimdalProxy.dylib
0x00000001cacec000 	/System/Library/Frameworks/Network.framework/Versions/A/Network
0x00000001cfb3d000 	/usr/lib/libheimdal-asn1.dylib
0x00000001d22e6000 	/System/Library/PrivateFrameworks/CommonAuth.framework/Versions/A/CommonAuth
0x00000001d1af7000 	/System/Library/PrivateFrameworks/AudioSession.framework/Versions/A/AudioSession
0x00000001cfbce000 	/System/Library/PrivateFrameworks/MediaExperience.framework/Versions/A/MediaExperience
0x00000001d197f000 	/System/Library/PrivateFrameworks/AudioSession.framework/libSessionUtility.dylib
0x00000001d1f28000 	/System/Library/PrivateFrameworks/AudioResourceArbitration.framework/Versions/A/AudioResourceArbitration
0x00000001cfb46000 	/System/Library/PrivateFrameworks/IconFoundation.framework/Versions/A/IconFoundation
0x00000001d4dad000 	/System/Library/PrivateFrameworks/SpeechRecognitionCore.framework/Versions/A/SpeechRecognitionCore
0x000000010412c000 	/Users/pranavkalapala/Library/Java/JavaVirtualMachines/azul-17/Contents/Home/lib/server/libjvm.dylib
0x0000000103150000 	/Users/pranavkalapala/Library/Java/JavaVirtualMachines/azul-17/Contents/Home/lib/libjimage.dylib
0x000000010317c000 	/Users/pranavkalapala/Library/Java/JavaVirtualMachines/azul-17/Contents/Home/lib/libinstrument.dylib
0x00000001031c8000 	/Users/pranavkalapala/Library/Java/JavaVirtualMachines/azul-17/Contents/Home/lib/libjava.dylib
0x000000010407c000 	/Users/pranavkalapala/Library/Java/JavaVirtualMachines/azul-17/Contents/Home/lib/libnio.dylib
0x000000010409c000 	/Users/pranavkalapala/Library/Java/JavaVirtualMachines/azul-17/Contents/Home/lib/libnet.dylib
0x00000001031b0000 	/Users/pranavkalapala/Library/Java/JavaVirtualMachines/azul-17/Contents/Home/lib/libzip.dylib
0x00000001040c0000 	/Users/pranavkalapala/.openjfx/cache/17.0.0.1/libprism_es2.dylib
0x00000001c6e53000 	/System/Library/PrivateFrameworks/CoreServicesInternal.framework/Versions/A/CoreServicesInternal
0x0000000225610000 	/System/Library/Frameworks/OpenGL.framework/Versions/A/Resources/GLEngine.bundle/GLEngine
0x0000000225497000 	/System/Library/Frameworks/OpenGL.framework/Versions/A/Libraries/libGLProgrammability.dylib
0x0000000124048000 	/System/Library/Extensions/AppleMetalOpenGLRenderer.bundle/Contents/MacOS/AppleMetalOpenGLRenderer
0x000000022577f000 	/System/Library/Frameworks/OpenGL.framework/Versions/A/Resources/GLRendererFloat.bundle/GLRendererFloat
0x0000000225820000 	/System/Library/Extensions/AGXMetal13_3.bundle/Contents/MacOS/AGXMetal13_3
0x00000001e3ea1000 	/System/Library/PrivateFrameworks/GPURawCounter.framework/Versions/A/GPURawCounter
0x00000001de976000 	/System/Library/PrivateFrameworks/IOGPU.framework/Versions/A/IOGPU
0x00000001244f4000 	/Users/pranavkalapala/.openjfx/cache/17.0.0.1/libglass.dylib
0x00000001d624d000 	/System/Library/Frameworks/FileProvider.framework/Versions/A/FileProvider
0x00000001caab9000 	/System/Library/Frameworks/Accounts.framework/Versions/A/Accounts
0x00000001d63cd000 	/System/Library/PrivateFrameworks/GenerationalStorage.framework/Versions/A/GenerationalStorage
0x00000001d6f7d000 	/System/Library/PrivateFrameworks/CoreSymbolication.framework/Versions/A/CoreSymbolication
0x00000001d5fed000 	/System/Library/PrivateFrameworks/SymptomDiagnosticReporter.framework/Versions/A/SymptomDiagnosticReporter
0x00000001c8138000 	/System/Library/PrivateFrameworks/DesktopServicesPriv.framework/Versions/A/DesktopServicesPriv
0x00000001c6fb2000 	/usr/lib/libsandbox.1.dylib
0x00000001cbad0000 	/System/Library/PrivateFrameworks/UserManagement.framework/Versions/A/UserManagement
0x00000001d6f3e000 	/System/Library/PrivateFrameworks/DebugSymbols.framework/Versions/A/DebugSymbols
0x00000001d1f07000 	/System/Library/PrivateFrameworks/NetAuth.framework/Versions/A/NetAuth
0x00000001d2e05000 	/System/Library/PrivateFrameworks/Sharing.framework/Versions/A/Sharing
0x00000001cbaa0000 	/System/Library/PrivateFrameworks/login.framework/Versions/A/Frameworks/loginsupport.framework/Versions/A/loginsupport
0x00000001d80ee000 	/System/Library/PrivateFrameworks/Apple80211.framework/Versions/A/Apple80211
0x00000001cebf7000 	/System/Library/PrivateFrameworks/AuthKit.framework/Versions/A/AuthKit
0x00000001ce28e000 	/System/Library/PrivateFrameworks/CoreUtils.framework/Versions/A/CoreUtils
0x00000001ce1ae000 	/System/Library/Frameworks/CoreWLAN.framework/Versions/A/CoreWLAN
0x00000001d2f6e000 	/System/Library/Frameworks/IOBluetooth.framework/Versions/A/IOBluetooth
0x00000001d814e000 	/System/Library/PrivateFrameworks/CoreWiFi.framework/Versions/A/CoreWiFi
0x00000001d6b25000 	/System/Library/PrivateFrameworks/FrontBoardServices.framework/Versions/A/FrontBoardServices
0x00000001d6bbd000 	/System/Library/PrivateFrameworks/BoardServices.framework/Versions/A/BoardServices
0x00000001ce4a9000 	/System/Library/PrivateFrameworks/AssertionServices.framework/Versions/A/AssertionServices
0x00000001d82bc000 	/System/Library/PrivateFrameworks/BackBoardServices.framework/Versions/A/BackBoardServices
0x00000001d2379000 	/System/Library/PrivateFrameworks/CorePhoneNumbers.framework/Versions/A/CorePhoneNumbers
0x00000001d611d000 	/System/Library/PrivateFrameworks/DiskManagement.framework/Versions/A/DiskManagement
0x00000001d6020000 	/System/Library/PrivateFrameworks/AppleIDAuthSupport.framework/Versions/A/AppleIDAuthSupport
0x00000002293b1000 	/System/Library/PrivateFrameworks/AAAFoundation.framework/Versions/A/AAAFoundation
0x00000001d2358000 	/System/Library/PrivateFrameworks/KeychainCircle.framework/Versions/A/KeychainCircle
0x00000001d60e9000 	/System/Library/PrivateFrameworks/MediaKit.framework/Versions/A/MediaKit
0x00000001d602d000 	/System/Library/Frameworks/DiscRecording.framework/Versions/A/DiscRecording
0x00000001cfa52000 	/usr/lib/libCoreStorage.dylib
0x00000001d85b6000 	/usr/lib/libcsfde.dylib
0x00000001d3043000 	/System/Library/PrivateFrameworks/ProtectedCloudStorage.framework/Versions/A/ProtectedCloudStorage
0x00000001d85ae000 	/System/Library/PrivateFrameworks/EFILogin.framework/Versions/A/EFILogin
0x00000001d63f4000 	/System/Library/PrivateFrameworks/OctagonTrust.framework/Versions/A/OctagonTrust
0x000000022dc98000 	/System/Library/PrivateFrameworks/CoreUtilsExtras.framework/Versions/A/CoreUtilsExtras
0x00000001d5f5f000 	/System/Library/Frameworks/CoreBluetooth.framework/Versions/A/CoreBluetooth
0x00000001d8c2d000 	/System/Library/Frameworks/AudioUnit.framework/Versions/A/AudioUnit
0x00000001cfa4a000 	/usr/lib/libMatch.1.dylib
0x00000001e8108000 	/System/Library/Frameworks/Accelerate.framework/Versions/A/Frameworks/vImage.framework/Versions/A/Libraries/libCGInterfaces.dylib
0x00000001276ac000 	/usr/lib/libobjc-trampolines.dylib
0x00000001cb79e000 	/System/Library/PrivateFrameworks/ViewBridge.framework/Versions/A/ViewBridge
0x00000001cf911000 	/System/Library/PrivateFrameworks/CrashReporterSupport.framework/Versions/A/CrashReporterSupport
0x00000001efa17000 	/System/Library/PrivateFrameworks/OSAnalytics.framework/Versions/A/OSAnalytics
0x00000001fab66000 	/System/Library/PrivateFrameworks/Symbolication.framework/Versions/A/Symbolication
0x00000001e3e62000 	/System/Library/PrivateFrameworks/MallocStackLogging.framework/Versions/A/MallocStackLogging
0x0000000127fbc000 	/Users/pranavkalapala/.openjfx/cache/17.0.0.1/libjavafx_font.dylib
0x00000001d019a000 	/System/Library/PrivateFrameworks/login.framework/Versions/A/login
0x0000000240eae000 	/usr/lib/libRosetta.dylib


VM Arguments:
jvm_args: -javaagent:/Applications/IntelliJ IDEA CE.app/Contents/lib/idea_rt.jar=49381:/Applications/IntelliJ IDEA CE.app/Contents/bin -Dfile.encoding=UTF-8 --module-path=/Users/pranavkalapala/.m2/repository/org/openjfx/javafx-base/17.0.0.1/javafx-base-17.0.0.1-mac-aarch64.jar:/Users/pranavkalapala/.m2/repository/org/openjfx/javafx-graphics/17.0.0.1/javafx-graphics-17.0.0.1-mac-aarch64.jar:/Users/pranavkalapala/.m2/repository/org/openjfx/javafx-fxml/17.0.0.1/javafx-fxml-17.0.0.1-mac-aarch64.jar:/Users/pranavkalapala/.m2/repository/org/openjfx/javafx-controls/17.0.0.1/javafx-controls-17.0.0.1-mac-aarch64.jar:/Users/pranavkalapala/IdeaProjects/CS213-p3/target/classes -Djdk.module.main=com.studentroster.cs213p3 
java_command: com.studentroster.cs213p3/com.studentroster.Main
java_class_path (initial): /Users/pranavkalapala/.m2/repository/org/openjfx/javafx-controls/17.0.0.1/javafx-controls-17.0.0.1.jar:/Users/pranavkalapala/.m2/repository/org/openjfx/javafx-graphics/17.0.0.1/javafx-graphics-17.0.0.1.jar:/Users/pranavkalapala/.m2/repository/org/openjfx/javafx-base/17.0.0.1/javafx-base-17.0.0.1.jar:/Users/pranavkalapala/.m2/repository/org/openjfx/javafx-fxml/17.0.0.1/javafx-fxml-17.0.0.1.jar
Launcher Type: SUN_STANDARD

[Global flags]
     intx CICompilerCount                          = 4                                         {product} {ergonomic}
     uint ConcGCThreads                            = 2                                         {product} {ergonomic}
     uint G1ConcRefinementThreads                  = 8                                         {product} {ergonomic}
   size_t G1HeapRegionSize                         = 1048576                                   {product} {ergonomic}
    uintx GCDrainStackTargetSize                   = 64                                        {product} {ergonomic}
   size_t InitialHeapSize                          = 134217728                                 {product} {ergonomic}
   size_t MarkStackSize                            = 4194304                                   {product} {ergonomic}
   size_t MaxHeapSize                              = 2147483648                                {product} {ergonomic}
   size_t MaxNewSize                               = 1287651328                                {product} {ergonomic}
   size_t MinHeapDeltaBytes                        = 1048576                                   {product} {ergonomic}
   size_t MinHeapSize                              = 8388608                                   {product} {ergonomic}
    uintx NonNMethodCodeHeapSize                   = 5839564                                {pd product} {ergonomic}
    uintx NonProfiledCodeHeapSize                  = 122909338                              {pd product} {ergonomic}
    uintx ProfiledCodeHeapSize                     = 122909338                              {pd product} {ergonomic}
    uintx ReservedCodeCacheSize                    = 251658240                              {pd product} {ergonomic}
     bool SegmentedCodeCache                       = true                                      {product} {ergonomic}
   size_t SoftMaxHeapSize                          = 2147483648                             {manageable} {ergonomic}
     bool UseCompressedClassPointers               = true                           {product lp64_product} {ergonomic}
     bool UseCompressedOops                        = true                           {product lp64_product} {ergonomic}
     bool UseG1GC                                  = true                                      {product} {ergonomic}
     bool UseNUMA                                  = false                                     {product} {ergonomic}
     bool UseNUMAInterleaving                      = false                                     {product} {ergonomic}

Logging:
Log output configuration:
 #0: stdout all=warning uptime,level,tags
 #1: stderr all=off uptime,level,tags

Environment Variables:
PATH=/usr/local/bin:/usr/bin:/bin:/usr/sbin:/sbin
SHELL=/bin/zsh
LC_CTYPE=en_US.UTF-8

Signal Handlers:
   SIGSEGV: _ZL13crash_handleriP9__siginfoPv in libjvm.dylib, mask=11100110000111110111111111111111, flags=SA_RESTART|SA_SIGINFO
    SIGBUS: _ZL13crash_handleriP9__siginfoPv in libjvm.dylib, mask=11100110000111110111111111111111, flags=SA_RESTART|SA_SIGINFO
    SIGFPE: _ZL13crash_handleriP9__siginfoPv in libjvm.dylib, mask=11100110000111110111111111111111, flags=SA_RESTART|SA_SIGINFO
   SIGPIPE: _ZL17javaSignalHandleriP9__siginfoPv in libjvm.dylib, mask=11100110000111110111111111111111, flags=SA_RESTART|SA_SIGINFO
   SIGXFSZ: _ZL17javaSignalHandleriP9__siginfoPv in libjvm.dylib, mask=11100110000111110111111111111111, flags=SA_RESTART|SA_SIGINFO
    SIGILL: _ZL13crash_handleriP9__siginfoPv in libjvm.dylib, mask=11100110000111110111111111111111, flags=SA_RESTART|SA_SIGINFO
   SIGUSR2: _ZL10SR_handleriP9__siginfoP17__darwin_ucontext in libjvm.dylib, mask=00100000000000000000000000000000, flags=SA_RESTART|SA_SIGINFO
    SIGHUP: _ZL11UserHandleriPvS_ in libjvm.dylib, mask=11100110000111110111111111111111, flags=SA_RESTART|SA_SIGINFO
    SIGINT: _ZL11UserHandleriPvS_ in libjvm.dylib, mask=11100110000111110111111111111111, flags=SA_RESTART|SA_SIGINFO
   SIGTERM: _ZL11UserHandleriPvS_ in libjvm.dylib, mask=11100110000111110111111111111111, flags=SA_RESTART|SA_SIGINFO
   SIGQUIT: _ZL11UserHandleriPvS_ in libjvm.dylib, mask=11100110000111110111111111111111, flags=SA_RESTART|SA_SIGINFO
   SIGTRAP: _ZL13crash_handleriP9__siginfoPv in libjvm.dylib, mask=11100110000111110111111111111111, flags=SA_RESTART|SA_SIGINFO


---------------  S Y S T E M  ---------------

OS:
uname: Darwin 21.1.0 Darwin Kernel Version 21.1.0: Wed Oct 13 17:33:24 PDT 2021; root:xnu-8019.41.5~1/RELEASE_ARM64_T8101 arm64
OS uptime: 0 days 2:52 hours
rlimit (soft/hard): STACK 8176k/65520k , CORE 0k/infinity , NPROC 1333/2000 , NOFILE 10240/infinity , AS infinity/infinity , CPU infinity/infinity , DATA infinity/infinity , FSIZE infinity/infinity , MEMLOCK infinity/infinity , RSS infinity/infinity
load average: 1.73 1.59 1.62

CPU: total 8 (initial active 8) 0x61:0x0:0x1b588bb3:0, fp, simd, crc, lse

Memory: 16k page, physical 8388608k(83952k free), swap 1048576k(993024k free)

vm_info: OpenJDK 64-Bit Server VM (17+35-LTS) for bsd-aarch64 JRE (17+35-LTS) (Zulu17.28+13-CA), built on Sep  2 2021 11:23:12 by "zulu_re" with clang Apple LLVM 12.0.0 (clang-1200.0.32.28)

END.
